#
# A fatal error has been detected by the Java Runtime Environment:
#
#  EXCEPTION_ACCESS_VIOLATION (0xc0000005) at pc=0x0000000069238845, pid=1260, tid=9168
#
# JRE version: Java(TM) SE Runtime Environment (8.0_60-b27) (build 1.8.0_60-b27)
# Java VM: Java HotSpot(TM) 64-Bit Server VM (25.60-b23 mixed mode windows-amd64 compressed oops)
# Problematic frame:
# V  [jvm.dll+0x128845]
#
# Failed to write core dump. Minidumps are not enabled by default on client versions of Windows
#
# If you would like to submit a bug report, please visit:
#   http://bugreport.java.com/bugreport/crash.jsp
#

---------------  T H R E A D  ---------------

Current thread (0x000000001726e000):  JavaThread "JDWP Transport Listener: dt_socket" daemon [_thread_in_vm, id=9168, stack(0x0000000018ca0000,0x0000000018da0000)]

siginfo: ExceptionCode=0xc0000005, reading address 0xffffffffffffffff

Registers:
RAX=0x0000000018d9f201, RBX=0x000000001726e000, RCX=0x00730061006d002d, RDX=0x0000000000000000
RSP=0x0000000018d9f280, RBP=0x00730061006d002d, RSI=0x0000000018d9f398, RDI=0x00000000025f8910
R8 =0x000000001726e000, R9 =0x0000000000000000, R10=0x0000000000000000, R11=0x0000000000000064
R12=0x0000000000000000, R13=0x000000001726b5c8, R14=0x0000000000000000, R15=0x0000000000000000
RIP=0x0000000069238845, EFLAGS=0x0000000000010206

Top of Stack: (sp=0x0000000018d9f280)
0x0000000018d9f280:   000000001726e000 000000001726e000
0x0000000018d9f290:   0000000018d9f348 000000006943e18b
0x0000000018d9f2a0:   000000001726e000 000000006945a9ed
0x0000000018d9f2b0:   0000000000000000 0000000068f39155
0x0000000018d9f2c0:   00000000202cb570 0000000068f4291e
0x0000000018d9f2d0:   000000001726e000 0000000000000000
0x0000000018d9f2e0:   0000000000000000 0000000000000000
0x0000000018d9f2f0:   00730061006d002d 0000000068f41a15
0x0000000018d9f300:   0000000018d9f398 0000000018d9f370
0x0000000018d9f310:   0000000000000001 00000000202cb570
0x0000000018d9f320:   00730061006d002d 0000000068f253b3
0x0000000018d9f330:   0000000018d9f460 0000000000000001
0x0000000018d9f340:   0000000000000001 00000000202cb570
0x0000000018d9f350:   0000000000000002 0000000000000000
0x0000000018d9f360:   0000000000000000 0000000000000000
0x0000000018d9f370:   0000000000000001 0000000068f25571 

Instructions: (pc=0x0000000069238845)
0x0000000069238825:   cc cc cc cc cc cc cc cc cc cc cc 48 83 ec 28 48
0x0000000069238835:   85 c9 75 07 33 c0 48 83 c4 28 c3 48 89 5c 24 20
0x0000000069238845:   48 8b 19 48 85 db 74 20 48 83 fb 37 74 1a 48 8b
0x0000000069238855:   13 48 8b cb ff 52 10 84 c0 74 0d 48 8b c3 48 8b 


Register to memory mapping:

RAX=0x0000000018d9f201 is pointing into the stack for thread: 0x000000001726e000
RBX=0x000000001726e000 is a thread
RCX=0x00730061006d002d is an unknown value
RDX=0x0000000000000000 is an unknown value
RSP=0x0000000018d9f280 is pointing into the stack for thread: 0x000000001726e000
RBP=0x00730061006d002d is an unknown value
RSI=0x0000000018d9f398 is pointing into the stack for thread: 0x000000001726e000
RDI=0x00000000025f8910 is an unknown value
R8 =0x000000001726e000 is a thread
R9 =0x0000000000000000 is an unknown value
R10=0x0000000000000000 is an unknown value
R11=0x0000000000000064 is an unknown value
R12=0x0000000000000000 is an unknown value
R13=0x000000001726b5c8 is an unknown value
R14=0x0000000000000000 is an unknown value
R15=0x0000000000000000 is an unknown value


Stack: [0x0000000018ca0000,0x0000000018da0000],  sp=0x0000000018d9f280,  free space=1020k
Native frames: (J=compiled Java code, j=interpreted, Vv=VM code, C=native code)
V  [jvm.dll+0x128845]
V  [jvm.dll+0x34a9ed]
C  [jdwp.dll+0x21a15]
C  [jdwp.dll+0x53b3]
C  [jdwp.dll+0x5571]
C  [jdwp.dll+0xf0a8]
C  [jdwp.dll+0x1f2d5]
C  [jdwp.dll+0x1f4aa]
V  [jvm.dll+0x1bb8e8]
V  [jvm.dll+0x243134]
V  [jvm.dll+0x299f6a]
C  [msvcr100.dll+0x21d9f]
C  [msvcr100.dll+0x21e3b]
C  [KERNEL32.DLL+0x18102]
C  [ntdll.dll+0x5c5b4]


---------------  P R O C E S S  ---------------

Java Threads: ( => current thread )
  0x000000001ff25800 JavaThread "WebSocket background processing" daemon [_thread_blocked, id=10776, stack(0x0000000027aa0000,0x0000000027ba0000)]
  0x000000001ff28000 JavaThread "MessageBroker-4" [_thread_blocked, id=7052, stack(0x00000000279a0000,0x0000000027aa0000)]
  0x000000001ff2b800 JavaThread "WebSocketServer-localhost-ROOT-1" daemon [_thread_blocked, id=8228, stack(0x00000000278a0000,0x00000000279a0000)]
  0x000000001ff2a000 JavaThread "MessageBroker-3" [_thread_blocked, id=6660, stack(0x00000000277a0000,0x00000000278a0000)]
  0x000000001ff2b000 JavaThread "MessageBroker-2" [_thread_blocked, id=3540, stack(0x00000000276a0000,0x00000000277a0000)]
  0x000000001ff29800 JavaThread "http-nio-80-exec-10" daemon [_thread_blocked, id=4824, stack(0x00000000275a0000,0x00000000276a0000)]
  0x000000001ff24000 JavaThread "http-nio-80-exec-9" daemon [_thread_blocked, id=3112, stack(0x00000000274a0000,0x00000000275a0000)]
  0x000000001ff25000 JavaThread "http-nio-80-exec-8" daemon [_thread_blocked, id=2860, stack(0x00000000273a0000,0x00000000274a0000)]
  0x000000001ff28800 JavaThread "http-nio-80-exec-6" daemon [_thread_blocked, id=11164, stack(0x00000000272a0000,0x00000000273a0000)]
  0x000000001ff26800 JavaThread "http-nio-80-exec-7" daemon [_thread_blocked, id=6572, stack(0x00000000271a0000,0x00000000272a0000)]
  0x000000001a2f7000 JavaThread "http-nio-80-exec-5" daemon [_thread_blocked, id=10184, stack(0x00000000270a0000,0x00000000271a0000)]
  0x000000001a2f6000 JavaThread "http-nio-80-exec-4" daemon [_thread_blocked, id=5772, stack(0x0000000026fa0000,0x00000000270a0000)]
  0x000000001a2f5800 JavaThread "http-nio-80-exec-3" daemon [_thread_blocked, id=7760, stack(0x0000000026ea0000,0x0000000026fa0000)]
  0x000000001a2f4800 JavaThread "http-nio-80-exec-2" daemon [_thread_blocked, id=1272, stack(0x0000000026da0000,0x0000000026ea0000)]
  0x000000001a2f3000 JavaThread "http-nio-80-exec-1" daemon [_thread_blocked, id=6192, stack(0x0000000026ca0000,0x0000000026da0000)]
  0x000000001a2f9000 JavaThread "DestroyJavaVM" [_thread_blocked, id=6452, stack(0x0000000002420000,0x0000000002520000)]
  0x000000001a2f7800 JavaThread "http-nio-80-Acceptor-0" daemon [_thread_in_native, id=10992, stack(0x00000000269a0000,0x0000000026aa0000)]
  0x000000001a2fa000 JavaThread "http-nio-80-ClientPoller-1" daemon [_thread_in_native, id=5268, stack(0x00000000268a0000,0x00000000269a0000)]
  0x000000001a2f8800 JavaThread "http-nio-80-ClientPoller-0" daemon [_thread_in_native, id=6428, stack(0x00000000267a0000,0x00000000268a0000)]
  0x000000001a2f4000 JavaThread "NioBlockingSelector.BlockPoller-1" daemon [_thread_in_native, id=8348, stack(0x00000000266a0000,0x00000000267a0000)]
  0x000000001dbbc000 JavaThread "Tomcat JDBC Pool Cleaner[349885916:1461567779186]" daemon [_thread_blocked, id=8688, stack(0x0000000026230000,0x0000000026330000)]
  0x000000001dec2000 JavaThread "Timer-0" [_thread_blocked, id=10216, stack(0x0000000026130000,0x0000000026230000)]
  0x000000002344f000 JavaThread "MessageBroker-1" [_thread_blocked, id=9624, stack(0x0000000024f60000,0x0000000025060000)]
  0x000000001dd08800 JavaThread "container-0" [_thread_blocked, id=9664, stack(0x0000000023b50000,0x0000000023c50000)]
  0x00000000204a9000 JavaThread "ContainerBackgroundProcessor[StandardEngine[Tomcat].StandardHost[localhost].StandardContext[]]" daemon [_thread_blocked, id=8576, stack(0x0000000021e90000,0x0000000021f90000)]
  0x000000001976b800 JavaThread "RMI TCP Accept-0" daemon [_thread_in_native, id=10652, stack(0x0000000019da0000,0x0000000019ea0000)]
  0x000000001964a800 JavaThread "RMI TCP Accept-51992" daemon [_thread_in_native, id=9908, stack(0x0000000019ca0000,0x0000000019da0000)]
  0x00000000197cd000 JavaThread "RMI TCP Accept-0" daemon [_thread_in_native, id=10376, stack(0x0000000019ba0000,0x0000000019ca0000)]
  0x000000001864b800 JavaThread "Service Thread" daemon [_thread_blocked, id=10936, stack(0x00000000192a0000,0x00000000193a0000)]
  0x0000000018627800 JavaThread "C1 CompilerThread2" daemon [_thread_blocked, id=5404, stack(0x00000000191a0000,0x00000000192a0000)]
  0x000000001728b800 JavaThread "C2 CompilerThread1" daemon [_thread_blocked, id=8268, stack(0x00000000190a0000,0x00000000191a0000)]
  0x0000000017287800 JavaThread "C2 CompilerThread0" daemon [_thread_blocked, id=2636, stack(0x0000000018fa0000,0x00000000190a0000)]
  0x000000001727b800 JavaThread "JDWP Command Reader" daemon [_thread_in_native, id=8412, stack(0x0000000018ea0000,0x0000000018fa0000)]
  0x000000001727a800 JavaThread "JDWP Event Helper Thread" daemon [_thread_blocked, id=7676, stack(0x0000000018da0000,0x0000000018ea0000)]
=>0x000000001726e000 JavaThread "JDWP Transport Listener: dt_socket" daemon [_thread_in_vm, id=9168, stack(0x0000000018ca0000,0x0000000018da0000)]
  0x0000000017261000 JavaThread "Attach Listener" daemon [_thread_blocked, id=9716, stack(0x0000000018aa0000,0x0000000018ba0000)]
  0x00000000185e3800 JavaThread "Signal Dispatcher" daemon [_thread_blocked, id=6744, stack(0x00000000189a0000,0x0000000018aa0000)]
  0x0000000017209000 JavaThread "Finalizer" daemon [_thread_blocked, id=6340, stack(0x00000000184a0000,0x00000000185a0000)]
  0x00000000026f3800 JavaThread "Reference Handler" daemon [_thread_blocked, id=624, stack(0x00000000183a0000,0x00000000184a0000)]

Other Threads:
  0x0000000017207000 VMThread [stack: 0x00000000182a0000,0x00000000183a0000] [id=9392]
  0x0000000019771800 WatcherThread [stack: 0x0000000019ea0000,0x0000000019fa0000] [id=6332]

VM state:not at safepoint (normal execution)

VM Mutex/Monitor currently owned by a thread: None

Heap:
 PSYoungGen      total 169984K, used 155442K [0x00000000d5e00000, 0x00000000e3680000, 0x0000000100000000)
  eden space 158720K, 97% used [0x00000000d5e00000,0x00000000df5ccb48,0x00000000df900000)
  from space 11264K, 0% used [0x00000000e0680000,0x00000000e0680000,0x00000000e1180000)
  to   space 13824K, 0% used [0x00000000df900000,0x00000000df900000,0x00000000e0680000)
 ParOldGen       total 100864K, used 23541K [0x0000000081a00000, 0x0000000087c80000, 0x00000000d5e00000)
  object space 100864K, 23% used [0x0000000081a00000,0x00000000830fd528,0x0000000087c80000)
 Metaspace       used 43358K, capacity 43926K, committed 44200K, reserved 1087488K
  class space    used 5388K, capacity 5538K, committed 5544K, reserved 1048576K

Card table byte_map: [0x0000000011ac0000,0x0000000011ec0000] byte_map_base: 0x00000000116b3000

Marking Bits: (ParMarkBitMap*) 0x000000006991a5b0
 Begin Bits: [0x0000000012570000, 0x0000000014508000)
 End Bits:   [0x0000000014508000, 0x00000000164a0000)

Polling page: 0x0000000000520000

CodeCache: size=245760Kb used=16621Kb max_used=16695Kb free=229138Kb
 bounds [0x0000000002700000, 0x0000000003770000, 0x0000000011700000]
 total_blobs=5138 nmethods=4676 adapters=381
 compilation: enabled

Compilation events (10 events):
Event: 69.017 Thread 0x0000000018627800 5488       3       java.util.concurrent.ThreadPoolExecutor::runStateOf (5 bytes)
Event: 69.017 Thread 0x0000000018627800 nmethod 5488 0x0000000002ab8210 code [0x0000000002ab8360, 0x0000000002ab8490]
Event: 79.014 Thread 0x0000000018627800 5489       3       java.util.concurrent.locks.AbstractQueuedSynchronizer::isOnSyncQueue (33 bytes)
Event: 79.014 Thread 0x0000000018627800 nmethod 5489 0x000000000305ce10 code [0x000000000305cf80, 0x000000000305d310]
Event: 89.018 Thread 0x0000000018627800 5490       3       java.util.concurrent.locks.AbstractQueuedSynchronizer::compareAndSetWaitStatus (13 bytes)
Event: 89.018 Thread 0x0000000018627800 nmethod 5490 0x0000000003199610 code [0x0000000003199760, 0x00000000031998b0]
Event: 94.178 Thread 0x0000000018627800 5491       3       java.util.concurrent.locks.ReentrantLock::unlock (10 bytes)
Event: 94.179 Thread 0x0000000018627800 nmethod 5491 0x0000000002e04950 code [0x0000000002e04ae0, 0x0000000002e04ef8]
Event: 94.475 Thread 0x0000000018627800 5492       3       java.util.TreeSet::add (22 bytes)
Event: 94.475 Thread 0x0000000018627800 nmethod 5492 0x00000000031990d0 code [0x0000000003199240, 0x00000000031994e8]

GC Heap History (10 events):
Event: 2.071 GC heap before
{Heap before GC invocations=6 (full 1):
 PSYoungGen      total 71680K, used 5113K [0x00000000d5e00000, 0x00000000df400000, 0x0000000100000000)
  eden space 66560K, 0% used [0x00000000d5e00000,0x00000000d5e00000,0x00000000d9f00000)
  from space 5120K, 99% used [0x00000000d9f00000,0x00000000da3fe430,0x00000000da400000)
  to   space 10240K, 0% used [0x00000000dea00000,0x00000000dea00000,0x00000000df400000)
 ParOldGen       total 87552K, used 17159K [0x0000000081a00000, 0x0000000086f80000, 0x00000000d5e00000)
  object space 87552K, 19% used [0x0000000081a00000,0x0000000082ac1ff8,0x0000000086f80000)
 Metaspace       used 20959K, capacity 21180K, committed 21296K, reserved 1069056K
  class space    used 2612K, capacity 2655K, committed 2688K, reserved 1048576K
Event: 2.118 GC heap after
Heap after GC invocations=6 (full 1):
 PSYoungGen      total 71680K, used 0K [0x00000000d5e00000, 0x00000000df400000, 0x0000000100000000)
  eden space 66560K, 0% used [0x00000000d5e00000,0x00000000d5e00000,0x00000000d9f00000)
  from space 5120K, 0% used [0x00000000d9f00000,0x00000000d9f00000,0x00000000da400000)
  to   space 10240K, 0% used [0x00000000dea00000,0x00000000dea00000,0x00000000df400000)
 ParOldGen       total 63488K, used 12312K [0x0000000081a00000, 0x0000000085800000, 0x00000000d5e00000)
  object space 63488K, 19% used [0x0000000081a00000,0x0000000082606098,0x0000000085800000)
 Metaspace       used 20959K, capacity 21180K, committed 21296K, reserved 1069056K
  class space    used 2612K, capacity 2655K, committed 2688K, reserved 1048576K
}
Event: 3.022 GC heap before
{Heap before GC invocations=7 (full 1):
 PSYoungGen      total 71680K, used 66531K [0x00000000d5e00000, 0x00000000df400000, 0x0000000100000000)
  eden space 66560K, 99% used [0x00000000d5e00000,0x00000000d9ef8e90,0x00000000d9f00000)
  from space 5120K, 0% used [0x00000000d9f00000,0x00000000d9f00000,0x00000000da400000)
  to   space 10240K, 0% used [0x00000000dea00000,0x00000000dea00000,0x00000000df400000)
 ParOldGen       total 63488K, used 12312K [0x0000000081a00000, 0x0000000085800000, 0x00000000d5e00000)
  object space 63488K, 19% used [0x0000000081a00000,0x0000000082606098,0x0000000085800000)
 Metaspace       used 26124K, capacity 26400K, committed 26752K, reserved 1073152K
  class space    used 3298K, capacity 3365K, committed 3456K, reserved 1048576K
Event: 3.028 GC heap after
Heap after GC invocations=7 (full 1):
 PSYoungGen      total 111104K, used 6134K [0x00000000d5e00000, 0x00000000df000000, 0x0000000100000000)
  eden space 104960K, 0% used [0x00000000d5e00000,0x00000000d5e00000,0x00000000dc480000)
  from space 6144K, 99% used [0x00000000dea00000,0x00000000deffd8d0,0x00000000df000000)
  to   space 10752K, 0% used [0x00000000ddb00000,0x00000000ddb00000,0x00000000de580000)
 ParOldGen       total 63488K, used 12320K [0x0000000081a00000, 0x0000000085800000, 0x00000000d5e00000)
  object space 63488K, 19% used [0x0000000081a00000,0x0000000082608098,0x0000000085800000)
 Metaspace       used 26124K, capacity 26400K, committed 26752K, reserved 1073152K
  class space    used 3298K, capacity 3365K, committed 3456K, reserved 1048576K
}
Event: 3.792 GC heap before
{Heap before GC invocations=8 (full 1):
 PSYoungGen      total 111104K, used 111094K [0x00000000d5e00000, 0x00000000df000000, 0x0000000100000000)
  eden space 104960K, 100% used [0x00000000d5e00000,0x00000000dc480000,0x00000000dc480000)
  from space 6144K, 99% used [0x00000000dea00000,0x00000000deffd8d0,0x00000000df000000)
  to   space 10752K, 0% used [0x00000000ddb00000,0x00000000ddb00000,0x00000000de580000)
 ParOldGen       total 63488K, used 12320K [0x0000000081a00000, 0x0000000085800000, 0x00000000d5e00000)
  object space 63488K, 19% used [0x0000000081a00000,0x0000000082608098,0x0000000085800000)
 Metaspace       used 30333K, capacity 30648K, committed 30976K, reserved 1077248K
  class space    used 3762K, capacity 3817K, committed 3840K, reserved 1048576K
Event: 3.801 GC heap after
Heap after GC invocations=8 (full 1):
 PSYoungGen      total 138752K, used 9593K [0x00000000d5e00000, 0x00000000e1180000, 0x0000000100000000)
  eden space 128000K, 0% used [0x00000000d5e00000,0x00000000d5e00000,0x00000000ddb00000)
  from space 10752K, 89% used [0x00000000ddb00000,0x00000000de45e6b8,0x00000000de580000)
  to   space 11264K, 0% used [0x00000000e0680000,0x00000000e0680000,0x00000000e1180000)
 ParOldGen       total 63488K, used 12320K [0x0000000081a00000, 0x0000000085800000, 0x00000000d5e00000)
  object space 63488K, 19% used [0x0000000081a00000,0x0000000082608098,0x0000000085800000)
 Metaspace       used 30333K, capacity 30648K, committed 30976K, reserved 1077248K
  class space    used 3762K, capacity 3817K, committed 3840K, reserved 1048576K
}
Event: 5.015 GC heap before
{Heap before GC invocations=9 (full 1):
 PSYoungGen      total 138752K, used 104406K [0x00000000d5e00000, 0x00000000e1180000, 0x0000000100000000)
  eden space 128000K, 74% used [0x00000000d5e00000,0x00000000dba97418,0x00000000ddb00000)
  from space 10752K, 89% used [0x00000000ddb00000,0x00000000de45e6b8,0x00000000de580000)
  to   space 11264K, 0% used [0x00000000e0680000,0x00000000e0680000,0x00000000e1180000)
 ParOldGen       total 63488K, used 12320K [0x0000000081a00000, 0x0000000085800000, 0x00000000d5e00000)
  object space 63488K, 19% used [0x0000000081a00000,0x0000000082608098,0x0000000085800000)
 Metaspace       used 35035K, capacity 35378K, committed 35496K, reserved 1081344K
  class space    used 4410K, capacity 4514K, committed 4520K, reserved 1048576K
Event: 5.037 GC heap after
Heap after GC invocations=9 (full 1):
 PSYoungGen      total 169984K, used 11236K [0x00000000d5e00000, 0x00000000e3680000, 0x0000000100000000)
  eden space 158720K, 0% used [0x00000000d5e00000,0x00000000d5e00000,0x00000000df900000)
  from space 11264K, 99% used [0x00000000e0680000,0x00000000e1179050,0x00000000e1180000)
  to   space 13824K, 0% used [0x00000000df900000,0x00000000df900000,0x00000000e0680000)
 ParOldGen       total 63488K, used 15913K [0x0000000081a00000, 0x0000000085800000, 0x00000000d5e00000)
  object space 63488K, 25% used [0x0000000081a00000,0x000000008298a4e0,0x0000000085800000)
 Metaspace       used 35035K, capacity 35378K, committed 35496K, reserved 1081344K
  class space    used 4410K, capacity 4514K, committed 4520K, reserved 1048576K
}
Event: 5.038 GC heap before
{Heap before GC invocations=10 (full 2):
 PSYoungGen      total 169984K, used 11236K [0x00000000d5e00000, 0x00000000e3680000, 0x0000000100000000)
  eden space 158720K, 0% used [0x00000000d5e00000,0x00000000d5e00000,0x00000000df900000)
  from space 11264K, 99% used [0x00000000e0680000,0x00000000e1179050,0x00000000e1180000)
  to   space 13824K, 0% used [0x00000000df900000,0x00000000df900000,0x00000000e0680000)
 ParOldGen       total 63488K, used 15913K [0x0000000081a00000, 0x0000000085800000, 0x00000000d5e00000)
  object space 63488K, 25% used [0x0000000081a00000,0x000000008298a4e0,0x0000000085800000)
 Metaspace       used 35035K, capacity 35378K, committed 35496K, reserved 1081344K
  class space    used 4410K, capacity 4514K, committed 4520K, reserved 1048576K
Event: 5.139 GC heap after
Heap after GC invocations=10 (full 2):
 PSYoungGen      total 169984K, used 0K [0x00000000d5e00000, 0x00000000e3680000, 0x0000000100000000)
  eden space 158720K, 0% used [0x00000000d5e00000,0x00000000d5e00000,0x00000000df900000)
  from space 11264K, 0% used [0x00000000e0680000,0x00000000e0680000,0x00000000e1180000)
  to   space 13824K, 0% used [0x00000000df900000,0x00000000df900000,0x00000000e0680000)
 ParOldGen       total 100864K, used 23541K [0x0000000081a00000, 0x0000000087c80000, 0x00000000d5e00000)
  object space 100864K, 23% used [0x0000000081a00000,0x00000000830fd528,0x0000000087c80000)
 Metaspace       used 35035K, capacity 35378K, committed 35496K, reserved 1081344K
  class space    used 4410K, capacity 4514K, committed 4520K, reserved 1048576K
}

Deoptimization events (10 events):
Event: 49.445 Thread 0x00000000186c9800 Uncommon trap: reason=unhandled action=none pc=0x00000000033ba618 method=java.net.URLClassLoader.findClass(Ljava/lang/String;)Ljava/lang/Class; @ 44
Event: 49.445 Thread 0x00000000186c9800 Uncommon trap: reason=unhandled action=none pc=0x00000000033ba618 method=java.net.URLClassLoader.findClass(Ljava/lang/String;)Ljava/lang/Class; @ 44
Event: 49.446 Thread 0x00000000186c9800 Uncommon trap: reason=unhandled action=none pc=0x00000000033ba618 method=java.net.URLClassLoader.findClass(Ljava/lang/String;)Ljava/lang/Class; @ 44
Event: 49.446 Thread 0x00000000186c9800 Uncommon trap: reason=unhandled action=none pc=0x00000000033ba618 method=java.net.URLClassLoader.findClass(Ljava/lang/String;)Ljava/lang/Class; @ 44
Event: 49.447 Thread 0x00000000186c9800 Uncommon trap: reason=unhandled action=none pc=0x00000000033ba618 method=java.net.URLClassLoader.findClass(Ljava/lang/String;)Ljava/lang/Class; @ 44
Event: 49.447 Thread 0x00000000186c9800 Uncommon trap: reason=unhandled action=none pc=0x00000000033ba618 method=java.net.URLClassLoader.findClass(Ljava/lang/String;)Ljava/lang/Class; @ 44
Event: 49.448 Thread 0x00000000186c9800 Uncommon trap: reason=unhandled action=none pc=0x00000000033ba618 method=java.net.URLClassLoader.findClass(Ljava/lang/String;)Ljava/lang/Class; @ 44
Event: 64.467 Thread 0x00000000204a9000 Uncommon trap: reason=bimorphic action=maybe_recompile pc=0x000000000335c514 method=java.util.AbstractCollection.addAll(Ljava/util/Collection;)Z @ 29
Event: 66.798 Thread 0x00000000186c9800 Uncommon trap: reason=bimorphic action=maybe_recompile pc=0x0000000003324ce8 method=java.util.Collections$SetFromMap.contains(Ljava/lang/Object;)Z @ 5
Event: 94.475 Thread 0x00000000204a9000 Uncommon trap: reason=bimorphic action=maybe_recompile pc=0x000000000335c514 method=java.util.AbstractCollection.addAll(Ljava/util/Collection;)Z @ 29

Internal exceptions (10 events):
Event: 33.225 Thread 0x000000001ff24000 Exception <a 'java/security/PrivilegedActionException'> (0x00000000dce59768) thrown at [C:\re\workspace\8-2-build-windows-amd64-cygwin\jdk8u60\4407\hotspot\src\share\vm\prims\jvm.cpp, line 1386]
Event: 33.230 Thread 0x000000001ff24000 Exception <a 'java/security/PrivilegedActionException'> (0x00000000dce61208) thrown at [C:\re\workspace\8-2-build-windows-amd64-cygwin\jdk8u60\4407\hotspot\src\share\vm\prims\jvm.cpp, line 1386]
Event: 33.231 Thread 0x000000001ff24000 Exception <a 'java/security/PrivilegedActionException'> (0x00000000dce619d0) thrown at [C:\re\workspace\8-2-build-windows-amd64-cygwin\jdk8u60\4407\hotspot\src\share\vm\prims\jvm.cpp, line 1386]
Event: 33.353 Thread 0x000000001ff28800 Exception <a 'java/lang/ArrayIndexOutOfBoundsException': 78> (0x00000000dd1fd390) thrown at [C:\re\workspace\8-2-build-windows-amd64-cygwin\jdk8u60\4407\hotspot\src\share\vm\interpreter\interpreterRuntime.cpp, line 366]
Event: 33.353 Thread 0x000000001ff28800 Exception <a 'java/lang/ArrayIndexOutOfBoundsException': 67> (0x00000000dd1fe960) thrown at [C:\re\workspace\8-2-build-windows-amd64-cygwin\jdk8u60\4407\hotspot\src\share\vm\interpreter\interpreterRuntime.cpp, line 366]
Event: 34.062 Thread 0x000000001ff24000 Exception <a 'java/lang/ArrayIndexOutOfBoundsException': 76> (0x00000000dde018c8) thrown at [C:\re\workspace\8-2-build-windows-amd64-cygwin\jdk8u60\4407\hotspot\src\share\vm\interpreter\interpreterRuntime.cpp, line 366]
Event: 34.062 Thread 0x000000001ff24000 Exception <a 'java/lang/ArrayIndexOutOfBoundsException': 72> (0x00000000dde028e8) thrown at [C:\re\workspace\8-2-build-windows-amd64-cygwin\jdk8u60\4407\hotspot\src\share\vm\interpreter\interpreterRuntime.cpp, line 366]
Event: 34.063 Thread 0x000000001ff24000 Exception <a 'java/lang/ArrayIndexOutOfBoundsException': 79> (0x00000000dde22868) thrown at [C:\re\workspace\8-2-build-windows-amd64-cygwin\jdk8u60\4407\hotspot\src\share\vm\interpreter\interpreterRuntime.cpp, line 366]
Event: 34.064 Thread 0x000000001ff24000 Exception <a 'java/lang/ArrayIndexOutOfBoundsException': 87> (0x00000000dde2dc08) thrown at [C:\re\workspace\8-2-build-windows-amd64-cygwin\jdk8u60\4407\hotspot\src\share\vm\interpreter\interpreterRuntime.cpp, line 366]
Event: 34.087 Thread 0x000000001ff25000 Implicit null exception at 0x0000000002e43684 to 0x0000000002e438d5

Events (10 events):
Event: 94.475 Thread 0x00000000204a9000 DEOPT PACKING pc=0x000000000335c514 sp=0x0000000021f8ebf0
Event: 94.475 Thread 0x00000000204a9000 DEOPT UNPACKING pc=0x000000000274582a sp=0x0000000021f8ec38 mode 2
Event: 99.173 Executing VM operation: RevokeBias
Event: 99.174 Executing VM operation: RevokeBias done
Event: 99.174 Thread 0x000000001ff30000 Thread exited: 0x000000001ff30000
Event: 99.189 Executing VM operation: RevokeBias
Event: 99.189 Executing VM operation: RevokeBias done
Event: 99.189 Thread 0x000000001ff31000 Thread exited: 0x000000001ff31000
Event: 123.153 Executing VM operation: RedefineClasses
Event: 123.180 Executing VM operation: RedefineClasses done


Dynamic libraries:
0x00007ff6fb8b0000 - 0x00007ff6fb8e7000 	C:\Program Files\Java\jre1.8.0_60\bin\javaw.exe
0x00007ffcc7b90000 - 0x00007ffcc7d51000 	C:\WINDOWS\SYSTEM32\ntdll.dll
0x00007ffcc4f90000 - 0x00007ffcc503d000 	C:\WINDOWS\system32\KERNEL32.DLL
0x00007ffcc4240000 - 0x00007ffcc4428000 	C:\WINDOWS\system32\KERNELBASE.dll
0x00007ffcc7890000 - 0x00007ffcc7937000 	C:\WINDOWS\system32\ADVAPI32.dll
0x00007ffcc7a20000 - 0x00007ffcc7abd000 	C:\WINDOWS\system32\msvcrt.dll
0x00007ffcc7b30000 - 0x00007ffcc7b8b000 	C:\WINDOWS\system32\sechost.dll
0x00007ffcc6760000 - 0x00007ffcc687c000 	C:\WINDOWS\system32\RPCRT4.dll
0x00007ffcc7180000 - 0x00007ffcc72d6000 	C:\WINDOWS\system32\USER32.dll
0x00007ffcc6ff0000 - 0x00007ffcc7176000 	C:\WINDOWS\system32\GDI32.dll
0x00007ffca9fb0000 - 0x00007ffcaa224000 	C:\WINDOWS\WinSxS\amd64_microsoft.windows.common-controls_6595b64144ccf1df_6.0.10586.0_none_8c15ae12515e1c22\COMCTL32.dll
0x00007ffcc6d70000 - 0x00007ffcc6fed000 	C:\WINDOWS\system32\combase.dll
0x00007ffcc4710000 - 0x00007ffcc477a000 	C:\WINDOWS\system32\bcryptPrimitives.dll
0x00007ffcc6d30000 - 0x00007ffcc6d6b000 	C:\WINDOWS\system32\IMM32.DLL
0x0000000068f60000 - 0x0000000069032000 	C:\Program Files\Java\jre1.8.0_60\bin\msvcr100.dll
0x0000000069110000 - 0x0000000069999000 	C:\Program Files\Java\jre1.8.0_60\bin\server\jvm.dll
0x00007ffcc7940000 - 0x00007ffcc7948000 	C:\WINDOWS\system32\PSAPI.DLL
0x00007ffcbdd10000 - 0x00007ffcbdd19000 	C:\WINDOWS\SYSTEM32\WSOCK32.dll
0x00007ffcc7ac0000 - 0x00007ffcc7b2b000 	C:\WINDOWS\system32\WS2_32.dll
0x00007ffcc2810000 - 0x00007ffcc2833000 	C:\WINDOWS\SYSTEM32\WINMM.dll
0x00007ffcaf2e0000 - 0x00007ffcaf2ea000 	C:\WINDOWS\SYSTEM32\VERSION.dll
0x00007ffcc26a0000 - 0x00007ffcc26cc000 	C:\WINDOWS\SYSTEM32\WINMMBASE.dll
0x00007ffcc4eb0000 - 0x00007ffcc4ef3000 	C:\WINDOWS\system32\cfgmgr32.dll
0x0000000069100000 - 0x000000006910f000 	C:\Program Files\Java\jre1.8.0_60\bin\verify.dll
0x00000000690d0000 - 0x00000000690f9000 	C:\Program Files\Java\jre1.8.0_60\bin\java.dll
0x0000000068f20000 - 0x0000000068f55000 	C:\Program Files\Java\jre1.8.0_60\bin\jdwp.dll
0x0000000068f10000 - 0x0000000068f18000 	C:\Program Files\Java\jre1.8.0_60\bin\npt.dll
0x00000000690b0000 - 0x00000000690c6000 	C:\Program Files\Java\jre1.8.0_60\bin\zip.dll
0x00007ffcc5040000 - 0x00007ffcc659c000 	C:\WINDOWS\system32\SHELL32.dll
0x00007ffcc4780000 - 0x00007ffcc4dc5000 	C:\WINDOWS\system32\windows.storage.dll
0x00007ffcc6cd0000 - 0x00007ffcc6d22000 	C:\WINDOWS\system32\shlwapi.dll
0x00007ffcc4230000 - 0x00007ffcc423f000 	C:\WINDOWS\system32\kernel.appcore.dll
0x00007ffcc4df0000 - 0x00007ffcc4ea5000 	C:\WINDOWS\system32\shcore.dll
0x00007ffcc41e0000 - 0x00007ffcc422b000 	C:\WINDOWS\system32\powrprof.dll
0x00007ffcc41c0000 - 0x00007ffcc41d4000 	C:\WINDOWS\system32\profapi.dll
0x0000000068f00000 - 0x0000000068f09000 	C:\Program Files\Java\jre1.8.0_60\bin\dt_socket.dll
0x00007ffcadfa0000 - 0x00007ffcadfb6000 	C:\WINDOWS\system32\napinsp.dll
0x00007ffcadfc0000 - 0x00007ffcadfda000 	C:\WINDOWS\system32\pnrpnsp.dll
0x00007ffcc1490000 - 0x00007ffcc14a8000 	C:\WINDOWS\system32\NLAapi.dll
0x00007ffcc3a80000 - 0x00007ffcc3adc000 	C:\WINDOWS\System32\mswsock.dll
0x00007ffcc2b30000 - 0x00007ffcc2bda000 	C:\WINDOWS\SYSTEM32\DNSAPI.dll
0x00007ffcc7880000 - 0x00007ffcc7888000 	C:\WINDOWS\system32\NSI.dll
0x00007ffcaea70000 - 0x00007ffcaea7d000 	C:\WINDOWS\System32\winrnr.dll
0x00007ffcbd9b0000 - 0x00007ffcbda17000 	C:\WINDOWS\System32\fwpuclnt.dll
0x00007ffcc40e0000 - 0x00007ffcc4109000 	C:\WINDOWS\SYSTEM32\bcrypt.dll
0x00007ffcbb7a0000 - 0x00007ffcbb7aa000 	C:\Windows\System32\rasadhlp.dll
0x0000000068ef0000 - 0x0000000068efd000 	C:\Program Files\Java\jre1.8.0_60\bin\management.dll
0x0000000069090000 - 0x00000000690aa000 	C:\Program Files\Java\jre1.8.0_60\bin\net.dll
0x0000000069070000 - 0x0000000069081000 	C:\Program Files\Java\jre1.8.0_60\bin\nio.dll
0x00007ffcc13e0000 - 0x00007ffcc1418000 	C:\WINDOWS\SYSTEM32\IPHLPAPI.DLL
0x00007ffcc3b30000 - 0x00007ffcc3b47000 	C:\WINDOWS\SYSTEM32\CRYPTSP.dll
0x00007ffcc37c0000 - 0x00007ffcc37f4000 	C:\WINDOWS\system32\rsaenh.dll
0x00007ffcc3910000 - 0x00007ffcc392f000 	C:\WINDOWS\SYSTEM32\USERENV.dll
0x00007ffcc3c50000 - 0x00007ffcc3c5b000 	C:\WINDOWS\SYSTEM32\CRYPTBASE.dll
0x00007ffcbecc0000 - 0x00007ffcbecd6000 	C:\WINDOWS\SYSTEM32\dhcpcsvc6.DLL
0x00007ffcbe830000 - 0x00007ffcbe84a000 	C:\WINDOWS\SYSTEM32\dhcpcsvc.DLL
0x00007ffc9acc0000 - 0x00007ffc9ae4c000 	C:\WINDOWS\SYSTEM32\dbghelp.dll

VM Arguments:
jvm_args: -agentlib:jdwp=transport=dt_socket,suspend=y,address=localhost:51993 -Dcom.sun.management.jmxremote -Dcom.sun.management.jmxremote.port=51992 -Dcom.sun.management.jmxremote.authenticate=false -Dcom.sun.management.jmxremote.ssl=false -Dspring.liveBeansView.mbeanDomain -Dspring.application.admin.enabled=true -Dfile.encoding=UTF-8 
java_command: com.coretree.defaultconfig.Application --spring.output.ansi.enabled=always --profiles=dev2
java_class_path (initial): D:\dev\workspace\project\coretree-webcrm-master\target\classes;C:\Users\coretree11\.m2\repository\org\springframework\security\spring-security-web\4.0.3.RELEASE\spring-security-web-4.0.3.RELEASE.jar;C:\Users\coretree11\.m2\repository\aopalliance\aopalliance\1.0\aopalliance-1.0.jar;C:\Users\coretree11\.m2\repository\org\springframework\security\spring-security-core\4.0.3.RELEASE\spring-security-core-4.0.3.RELEASE.jar;C:\Users\coretree11\.m2\repository\org\springframework\spring-beans\4.2.4.RELEASE\spring-beans-4.2.4.RELEASE.jar;C:\Users\coretree11\.m2\repository\org\springframework\spring-context\4.2.4.RELEASE\spring-context-4.2.4.RELEASE.jar;C:\Users\coretree11\.m2\repository\org\springframework\spring-core\4.2.4.RELEASE\spring-core-4.2.4.RELEASE.jar;C:\Users\coretree11\.m2\repository\org\springframework\spring-expression\4.2.4.RELEASE\spring-expression-4.2.4.RELEASE.jar;C:\Users\coretree11\.m2\repository\org\springframework\spring-web\4.2.4.RELEASE\spring-web-4.2.4.RELEASE.jar;C:\Users\coretree11\.m2\repository\org\springframework\security\spring-security-config\4.0.3.RELEASE\spring-security-config-4.0.3.RELEASE.jar;C:\Users\coretree11\.m2\repository\org\springframework\spring-aop\4.2.4.RELEASE\spring-aop-4.2.4.RELEASE.jar;C:\Users\coretree11\.m2\repository\org\springframework\boot\spring-boot-starter-web\1.3.1.RELEASE\spring-boot-starter-web-1.3.1.RELEASE.jar;C:\Users\coretree11\.m2\repository\org\springframework\boot\spring-boot-starter\1.3.1.RELEASE\spring-boot-starter-1.3.1.RELEASE.jar;C:\Users\coretree11\.m2\repository\org\springframework\boot\spring-boot-autoconfigure\1.3.1.RELEASE\spring-boot-autoconfigure-1.3.1.RELEASE.jar;C:\Users\coretree11\.m2\repository\org\springframework\boot\spring-boot-starter-logging\1.3.1.RELEASE\spring-boot-starter-logging-1.3.1.RELEASE.jar;C:\Users\coretree11\.m2\repository\ch\qos\logback\logback-classic\1.1.3\logback-classic-1.1.3.jar;C:\Users\coretree11\.m2\repository\ch\qos\logback\logback-core\1.
Launcher Type: SUN_STANDARD

Environment Variables:
JAVA_HOME=C:\Program Files\Java\jdk1.8.0_60
JRE_HOME=C:\Program Files\Java\jre1.8.0_60
CLASSPATH=.;C:\Program Files\Java\jdk1.8.0_60\lib;
PATH=C:/Program Files/Java/jre1.8.0_60/bin/server;C:/Program Files/Java/jre1.8.0_60/bin;C:/Program Files/Java/jre1.8.0_60/lib/amd64;C:\ProgramData\Oracle\Java\javapath;C:\WINDOWS\system32;C:\WINDOWS;C:\WINDOWS\System32\Wbem;C:\WINDOWS\System32\WindowsPowerShell\v1.0\;D:\dev\DevTools\apache-maven-3.3.9\bin;C:\Program Files\Java\jdk1.8.0_60\bin;C:\WINDOWS\system32\config\systemprofile\.dnx\bin;C:\Program Files\Microsoft DNX\Dnvm\;C:\Program Files\Microsoft SQL Server\Client SDK\ODBC\110\Tools\Binn\;C:\Program Files (x86)\Microsoft SQL Server\120\Tools\Binn\;C:\Program Files\Microsoft SQL Server\120\Tools\Binn\;C:\Program Files\Microsoft SQL Server\120\DTS\Binn\;C:\Program Files (x86)\Microsoft SQL Server\120\Tools\Binn\ManagementStudio\;C:\Program Files (x86)\Microsoft SQL Server\120\DTS\Binn\;C:\Program Files\Microsoft SQL Server\130\Tools\Binn\;C:\Program Files (x86)\Windows Kits\8.1\Windows Performance Toolkit\;C:\Program Files\Bandizip\7z;D:\dev\DevTools\sts-bundle\sts-3.7.3.RELEASE;
USERNAME=coretree11
OS=Windows_NT
PROCESSOR_IDENTIFIER=Intel64 Family 6 Model 60 Stepping 3, GenuineIntel



---------------  S Y S T E M  ---------------

OS: Windows 10.0 , 64 bit Build 10586 (10.0.10586.0)

CPU:total 4 (4 cores per cpu, 1 threads per core) family 6 model 60 stepping 3, cmov, cx8, fxsr, mmx, sse, sse2, sse3, ssse3, sse4.1, sse4.2, popcnt, avx, avx2, aes, clmul, erms, lzcnt, tsc, tscinvbit, bmi1, bmi2

Memory: 4k page, physical 8277060k(3956120k free), swap 9587780k(4253080k free)

vm_info: Java HotSpot(TM) 64-Bit Server VM (25.60-b23) for windows-amd64 JRE (1.8.0_60-b27), built on Aug  4 2015 11:06:27 by "java_re" with MS VC++ 10.0 (VS2010)

time: Mon Apr 25 16:04:56 2016
elapsed time: 123 seconds (0d 0h 2m 3s)

