#
# A fatal error has been detected by the Java Runtime Environment:
#
#  EXCEPTION_ACCESS_VIOLATION (0xc0000005) at pc=0x0000000065f78845, pid=1360, tid=8268
#
# JRE version: Java(TM) SE Runtime Environment (8.0_60-b27) (build 1.8.0_60-b27)
# Java VM: Java HotSpot(TM) 64-Bit Server VM (25.60-b23 mixed mode windows-amd64 compressed oops)
# Problematic frame:
# V  [jvm.dll+0x128845]
#
# Failed to write core dump. Minidumps are not enabled by default on client versions of Windows
#
# If you would like to submit a bug report, please visit:
#   http://bugreport.java.com/bugreport/crash.jsp
#

---------------  T H R E A D  ---------------

Current thread (0x000000001e2f6800):  JavaThread "JDWP Transport Listener: dt_socket" daemon [_thread_in_vm, id=8268, stack(0x000000001e860000,0x000000001e960000)]

siginfo: ExceptionCode=0xc0000005, reading address 0xffffffffffffffff

Registers:
RAX=0x000000001e95f601, RBX=0x000000001e2f6800, RCX=0x706164416e6f6974, RDX=0x0000000000000000
RSP=0x000000001e95f5d0, RBP=0x706164416e6f6974, RSI=0x000000001e95f6e8, RDI=0x000000000263dcd0
R8 =0x000000001e2f6800, R9 =0x0000000000000000, R10=0x0000000000000000, R11=0x0000000000000064
R12=0x0000000000000000, R13=0x000000001e2ffb58, R14=0x0000000000000000, R15=0x0000000000000000
RIP=0x0000000065f78845, EFLAGS=0x0000000000010206

Top of Stack: (sp=0x000000001e95f5d0)
0x000000001e95f5d0:   000000001e2f6800 000000001e2f6800
0x000000001e95f5e0:   000000001e95f698 000000006617e18b
0x000000001e95f5f0:   000000001e2f6800 000000006619a9ed
0x000000001e95f600:   0000000000000000 0000000065de9155
0x000000001e95f610:   000000001ffa1a38 0000000065df291e
0x000000001e95f620:   000000001e2f6800 0000000000000000
0x000000001e95f630:   0000000000000000 0000000000000000
0x000000001e95f640:   706164416e6f6974 0000000065df1a15
0x000000001e95f650:   000000001e95f6e8 000000001e95f6c0
0x000000001e95f660:   0000000000000001 000000001ffa1a38
0x000000001e95f670:   706164416e6f6974 0000000065dd53b3
0x000000001e95f680:   000000001e95f7b0 0000000000000001
0x000000001e95f690:   0000000000000001 000000001ffa1a38
0x000000001e95f6a0:   0000000000000001 0000000000000000
0x000000001e95f6b0:   0000000000000000 0000000000000000
0x000000001e95f6c0:   0000000000000001 0000000065dd5571 

Instructions: (pc=0x0000000065f78845)
0x0000000065f78825:   cc cc cc cc cc cc cc cc cc cc cc 48 83 ec 28 48
0x0000000065f78835:   85 c9 75 07 33 c0 48 83 c4 28 c3 48 89 5c 24 20
0x0000000065f78845:   48 8b 19 48 85 db 74 20 48 83 fb 37 74 1a 48 8b
0x0000000065f78855:   13 48 8b cb ff 52 10 84 c0 74 0d 48 8b c3 48 8b 


Register to memory mapping:

RAX=0x000000001e95f601 is pointing into the stack for thread: 0x000000001e2f6800
RBX=0x000000001e2f6800 is a thread
RCX=0x706164416e6f6974 is an unknown value
RDX=0x0000000000000000 is an unknown value
RSP=0x000000001e95f5d0 is pointing into the stack for thread: 0x000000001e2f6800
RBP=0x706164416e6f6974 is an unknown value
RSI=0x000000001e95f6e8 is pointing into the stack for thread: 0x000000001e2f6800
RDI=0x000000000263dcd0 is an unknown value
R8 =0x000000001e2f6800 is a thread
R9 =0x0000000000000000 is an unknown value
R10=0x0000000000000000 is an unknown value
R11=0x0000000000000064 is an unknown value
R12=0x0000000000000000 is an unknown value
R13=0x000000001e2ffb58 is an unknown value
R14=0x0000000000000000 is an unknown value
R15=0x0000000000000000 is an unknown value


Stack: [0x000000001e860000,0x000000001e960000],  sp=0x000000001e95f5d0,  free space=1021k
Native frames: (J=compiled Java code, j=interpreted, Vv=VM code, C=native code)
V  [jvm.dll+0x128845]
V  [jvm.dll+0x34a9ed]
C  [jdwp.dll+0x21a15]
C  [jdwp.dll+0x53b3]
C  [jdwp.dll+0x5571]
C  [jdwp.dll+0xf0a8]
C  [jdwp.dll+0x1f2d5]
C  [jdwp.dll+0x1f4aa]
V  [jvm.dll+0x1bb8e8]
V  [jvm.dll+0x243134]
V  [jvm.dll+0x299f6a]
C  [msvcr100.dll+0x21d9f]
C  [msvcr100.dll+0x21e3b]
C  [KERNEL32.DLL+0x18102]
C  [ntdll.dll+0x5c2e4]


---------------  P R O C E S S  ---------------

Java Threads: ( => current thread )
  0x0000000021dc9800 JavaThread "MessageBroker-8" [_thread_blocked, id=868, stack(0x000000002e5e0000,0x000000002e6e0000)]
  0x0000000021dc8000 JavaThread "MessageBroker-7" [_thread_blocked, id=2976, stack(0x000000002e3e0000,0x000000002e4e0000)]
  0x0000000021dc9000 JavaThread "MessageBroker-6" [_thread_blocked, id=3248, stack(0x000000002e1e0000,0x000000002e2e0000)]
  0x0000000024be2000 JavaThread "MessageBroker-5" [_thread_blocked, id=6924, stack(0x000000002d2e0000,0x000000002d3e0000)]
  0x0000000024bdf000 JavaThread "WebSocket background processing" daemon [_thread_blocked, id=4548, stack(0x000000002cde0000,0x000000002cee0000)]
  0x0000000024be5800 JavaThread "MessageBroker-4" [_thread_blocked, id=1552, stack(0x000000002cce0000,0x000000002cde0000)]
  0x0000000024be5000 JavaThread "WebSocketServer-localhost-ROOT-1" daemon [_thread_blocked, id=8448, stack(0x000000002cbe0000,0x000000002cce0000)]
  0x0000000024be4000 JavaThread "MessageBroker-3" [_thread_blocked, id=6092, stack(0x000000002cae0000,0x000000002cbe0000)]
  0x0000000024bde000 JavaThread "MessageBroker-2" [_thread_blocked, id=4188, stack(0x000000002c9e0000,0x000000002cae0000)]
  0x0000000024be2800 JavaThread "http-nio-8080-exec-10" daemon [_thread_blocked, id=6884, stack(0x000000002c8e0000,0x000000002c9e0000)]
  0x0000000024be3800 JavaThread "Tomcat JDBC Pool Cleaner[349885916:1453255249130]" daemon [_thread_blocked, id=5520, stack(0x000000002c7e0000,0x000000002c8e0000)]
  0x0000000024be0800 JavaThread "http-nio-8080-exec-9" daemon [_thread_blocked, id=1776, stack(0x000000002c6e0000,0x000000002c7e0000)]
  0x0000000029e2f000 JavaThread "http-nio-8080-exec-8" daemon [_thread_blocked, id=8872, stack(0x000000002c5e0000,0x000000002c6e0000)]
  0x0000000029e2f800 JavaThread "http-nio-8080-exec-7" daemon [_thread_blocked, id=8364, stack(0x000000002c4e0000,0x000000002c5e0000)]
  0x0000000029e2e000 JavaThread "http-nio-8080-exec-6" daemon [_thread_blocked, id=4224, stack(0x000000002c3e0000,0x000000002c4e0000)]
  0x0000000029e31000 JavaThread "http-nio-8080-exec-5" daemon [_thread_blocked, id=3364, stack(0x000000002c2e0000,0x000000002c3e0000)]
  0x0000000029e2d800 JavaThread "http-nio-8080-exec-4" daemon [_thread_blocked, id=1828, stack(0x000000002c1e0000,0x000000002c2e0000)]
  0x0000000029e2c800 JavaThread "http-nio-8080-exec-3" daemon [_thread_blocked, id=8468, stack(0x000000002c0e0000,0x000000002c1e0000)]
  0x0000000029e2b000 JavaThread "http-nio-8080-exec-2" daemon [_thread_blocked, id=6868, stack(0x000000002bfe0000,0x000000002c0e0000)]
  0x0000000029e30800 JavaThread "DestroyJavaVM" [_thread_blocked, id=6312, stack(0x0000000002490000,0x0000000002590000)]
  0x0000000029e2a800 JavaThread "http-nio-8080-exec-1" daemon [_thread_blocked, id=9100, stack(0x000000002aee0000,0x000000002afe0000)]
  0x0000000029e2c000 JavaThread "http-nio-8080-Acceptor-0" daemon [_thread_in_native, id=6464, stack(0x000000002ade0000,0x000000002aee0000)]
  0x0000000022d57000 JavaThread "http-nio-8080-ClientPoller-1" daemon [_thread_in_native, id=5044, stack(0x0000000029aa0000,0x0000000029ba0000)]
  0x0000000022d56000 JavaThread "http-nio-8080-ClientPoller-0" daemon [_thread_in_native, id=4228, stack(0x00000000299a0000,0x0000000029aa0000)]
  0x0000000022d53000 JavaThread "NioBlockingSelector.BlockPoller-1" daemon [_thread_in_native, id=8744, stack(0x00000000298a0000,0x00000000299a0000)]
  0x0000000022d52800 JavaThread "Timer-0" [_thread_blocked, id=4124, stack(0x00000000297a0000,0x00000000298a0000)]
  0x0000000022d57800 JavaThread "Thread-1" [_thread_in_native, id=1960, stack(0x00000000273b0000,0x00000000274b0000)]
  0x0000000022d51800 JavaThread "MessageBroker-1" [_thread_blocked, id=3964, stack(0x0000000026670000,0x0000000026770000)]
  0x0000000022d55800 JavaThread "container-0" [_thread_blocked, id=8836, stack(0x0000000026570000,0x0000000026670000)]
  0x0000000022d54800 JavaThread "ContainerBackgroundProcessor[StandardEngine[Tomcat].StandardHost[localhost].StandardContext[]]" daemon [_thread_blocked, id=1100, stack(0x0000000025130000,0x0000000025230000)]
  0x000000001f4f4000 JavaThread "RMI TCP Accept-0" daemon [_thread_in_native, id=7736, stack(0x000000001fa70000,0x000000001fb70000)]
  0x000000001f2cb800 JavaThread "RMI TCP Accept-24816" daemon [_thread_in_native, id=6952, stack(0x000000001f970000,0x000000001fa70000)]
  0x000000001f2a4800 JavaThread "RMI TCP Accept-0" daemon [_thread_in_native, id=4420, stack(0x000000001f870000,0x000000001f970000)]
  0x000000001e39f800 JavaThread "Service Thread" daemon [_thread_blocked, id=6240, stack(0x000000001ef70000,0x000000001f070000)]
  0x000000001e320000 JavaThread "C1 CompilerThread3" daemon [_thread_blocked, id=4944, stack(0x000000001ee70000,0x000000001ef70000)]
  0x000000001e31f000 JavaThread "C2 CompilerThread2" daemon [_thread_blocked, id=9140, stack(0x000000001ed70000,0x000000001ee70000)]
  0x000000001e31d800 JavaThread "C2 CompilerThread1" daemon [_thread_blocked, id=8932, stack(0x000000001ec70000,0x000000001ed70000)]
  0x000000001e313800 JavaThread "C2 CompilerThread0" daemon [_thread_blocked, id=3256, stack(0x000000001eb70000,0x000000001ec70000)]
  0x000000001e310000 JavaThread "JDWP Command Reader" daemon [_thread_in_native, id=1572, stack(0x000000001ea70000,0x000000001eb70000)]
  0x000000001e305800 JavaThread "JDWP Event Helper Thread" daemon [_thread_blocked, id=7664, stack(0x000000001e970000,0x000000001ea70000)]
=>0x000000001e2f6800 JavaThread "JDWP Transport Listener: dt_socket" daemon [_thread_in_vm, id=8268, stack(0x000000001e860000,0x000000001e960000)]
  0x000000001e2f0800 JavaThread "Attach Listener" daemon [_thread_blocked, id=8204, stack(0x000000001e760000,0x000000001e860000)]
  0x000000001e2a4800 JavaThread "Signal Dispatcher" daemon [_thread_blocked, id=8320, stack(0x000000001e660000,0x000000001e760000)]
  0x000000001c20e000 JavaThread "Finalizer" daemon [_thread_blocked, id=3280, stack(0x000000001e0e0000,0x000000001e1e0000)]
  0x000000001c20c800 JavaThread "Reference Handler" daemon [_thread_blocked, id=6632, stack(0x000000001dfe0000,0x000000001e0e0000)]

Other Threads:
  0x000000001c208800 VMThread [stack: 0x000000001dee0000,0x000000001dfe0000] [id=3868]
  0x000000001f4f9000 WatcherThread [stack: 0x000000001fb70000,0x000000001fc70000] [id=6120]

VM state:not at safepoint (normal execution)

VM Mutex/Monitor currently owned by a thread: None

Heap:
 PSYoungGen      total 146944K, used 50534K [0x000000076ad80000, 0x0000000777580000, 0x00000007c0000000)
  eden space 131072K, 28% used [0x000000076ad80000,0x000000076d25e178,0x0000000772d80000)
  from space 15872K, 80% used [0x0000000772d80000,0x00000007739fb898,0x0000000773d00000)
  to   space 16384K, 0% used [0x0000000776580000,0x0000000776580000,0x0000000777580000)
 ParOldGen       total 190464K, used 22380K [0x00000006c0800000, 0x00000006cc200000, 0x000000076ad80000)
  object space 190464K, 11% used [0x00000006c0800000,0x00000006c1ddb118,0x00000006cc200000)
 Metaspace       used 43543K, capacity 44114K, committed 44416K, reserved 1087488K
  class space    used 5334K, capacity 5454K, committed 5504K, reserved 1048576K

Card table byte_map: [0x0000000011b00000,0x0000000012300000] byte_map_base: 0x000000000e4fc000

Marking Bits: (ParMarkBitMap*) 0x000000006665a5b0
 Begin Bits: [0x0000000013060000, 0x0000000017040000)
 End Bits:   [0x0000000017040000, 0x000000001b020000)

Polling page: 0x00000000020f0000

CodeCache: size=245760Kb used=18403Kb max_used=18403Kb free=227356Kb
 bounds [0x0000000002740000, 0x0000000003950000, 0x0000000011740000]
 total_blobs=5224 nmethods=4763 adapters=380
 compilation: enabled

Compilation events (10 events):
Event: 535.752 Thread 0x000000001e320000 5609       3       java.util.concurrent.locks.AbstractQueuedSynchronizer$ConditionObject::await (98 bytes)
Event: 535.754 Thread 0x000000001e320000 nmethod 5609 0x000000000394c410 code [0x000000000394c6c0, 0x000000000394d928]
Event: 535.754 Thread 0x000000001e320000 5610   !   3       org.apache.coyote.http11.upgrade.AbstractServletOutputStream::isReady (65 bytes)
Event: 535.755 Thread 0x000000001e320000 nmethod 5610 0x000000000394e250 code [0x000000000394e400, 0x000000000394e918]
Event: 544.211 Thread 0x000000001e320000 5611       3       java.io.OutputStreamWriter::write (11 bytes)
Event: 544.211 Thread 0x000000001e320000 nmethod 5611 0x0000000003941910 code [0x0000000003941a80, 0x0000000003941c48]
Event: 544.211 Thread 0x000000001e320000 5612   !   3       sun.nio.cs.StreamEncoder::write (78 bytes)
Event: 544.212 Thread 0x000000001e320000 nmethod 5612 0x000000000394ead0 code [0x000000000394eca0, 0x000000000394f448]
Event: 547.483 Thread 0x000000001e320000 5613       3       java.util.TaskQueue::getMin (7 bytes)
Event: 547.483 Thread 0x000000001e320000 nmethod 5613 0x000000000394f8d0 code [0x000000000394fa20, 0x000000000394fbb0]

GC Heap History (10 events):
Event: 2.012 GC heap before
{Heap before GC invocations=5 (full 1):
 PSYoungGen      total 76288K, used 65536K [0x000000076ad80000, 0x0000000774280000, 0x00000007c0000000)
  eden space 65536K, 100% used [0x000000076ad80000,0x000000076ed80000,0x000000076ed80000)
  from space 10752K, 0% used [0x000000076ed80000,0x000000076ed80000,0x000000076f800000)
  to   space 10752K, 0% used [0x0000000773800000,0x0000000773800000,0x0000000774280000)
 ParOldGen       total 115712K, used 11682K [0x00000006c0800000, 0x00000006c7900000, 0x000000076ad80000)
  object space 115712K, 10% used [0x00000006c0800000,0x00000006c1368a00,0x00000006c7900000)
 Metaspace       used 25004K, capacity 25228K, committed 25472K, reserved 1071104K
  class space    used 3098K, capacity 3143K, committed 3200K, reserved 1048576K
Event: 2.017 GC heap after
Heap after GC invocations=5 (full 1):
 PSYoungGen      total 99328K, used 6026K [0x000000076ad80000, 0x0000000773e00000, 0x00000007c0000000)
  eden space 93184K, 0% used [0x000000076ad80000,0x000000076ad80000,0x0000000770880000)
  from space 6144K, 98% used [0x0000000773800000,0x0000000773de29b0,0x0000000773e00000)
  to   space 10752K, 0% used [0x0000000772900000,0x0000000772900000,0x0000000773380000)
 ParOldGen       total 115712K, used 11690K [0x00000006c0800000, 0x00000006c7900000, 0x000000076ad80000)
  object space 115712K, 10% used [0x00000006c0800000,0x00000006c136aa00,0x00000006c7900000)
 Metaspace       used 25004K, capacity 25228K, committed 25472K, reserved 1071104K
  class space    used 3098K, capacity 3143K, committed 3200K, reserved 1048576K
}
Event: 2.754 GC heap before
{Heap before GC invocations=6 (full 1):
 PSYoungGen      total 99328K, used 99210K [0x000000076ad80000, 0x0000000773e00000, 0x00000007c0000000)
  eden space 93184K, 100% used [0x000000076ad80000,0x0000000770880000,0x0000000770880000)
  from space 6144K, 98% used [0x0000000773800000,0x0000000773de29b0,0x0000000773e00000)
  to   space 10752K, 0% used [0x0000000772900000,0x0000000772900000,0x0000000773380000)
 ParOldGen       total 115712K, used 11690K [0x00000006c0800000, 0x00000006c7900000, 0x000000076ad80000)
  object space 115712K, 10% used [0x00000006c0800000,0x00000006c136aa00,0x00000006c7900000)
 Metaspace       used 30708K, capacity 30986K, committed 31232K, reserved 1077248K
  class space    used 3768K, capacity 3820K, committed 3840K, reserved 1048576K
Event: 2.765 GC heap after
Heap after GC invocations=6 (full 1):
 PSYoungGen      total 137216K, used 10105K [0x000000076ad80000, 0x0000000774b80000, 0x00000007c0000000)
  eden space 126464K, 0% used [0x000000076ad80000,0x000000076ad80000,0x0000000772900000)
  from space 10752K, 93% used [0x0000000772900000,0x00000007732de408,0x0000000773380000)
  to   space 14848K, 0% used [0x0000000773d00000,0x0000000773d00000,0x0000000774b80000)
 ParOldGen       total 115712K, used 11698K [0x00000006c0800000, 0x00000006c7900000, 0x000000076ad80000)
  object space 115712K, 10% used [0x00000006c0800000,0x00000006c136ca00,0x00000006c7900000)
 Metaspace       used 30708K, capacity 30986K, committed 31232K, reserved 1077248K
  class space    used 3768K, capacity 3820K, committed 3840K, reserved 1048576K
}
Event: 3.523 GC heap before
{Heap before GC invocations=7 (full 1):
 PSYoungGen      total 137216K, used 87370K [0x000000076ad80000, 0x0000000774b80000, 0x00000007c0000000)
  eden space 126464K, 61% used [0x000000076ad80000,0x000000076f8f4540,0x0000000772900000)
  from space 10752K, 93% used [0x0000000772900000,0x00000007732de408,0x0000000773380000)
  to   space 14848K, 0% used [0x0000000773d00000,0x0000000773d00000,0x0000000774b80000)
 ParOldGen       total 115712K, used 11698K [0x00000006c0800000, 0x00000006c7900000, 0x000000076ad80000)
  object space 115712K, 10% used [0x00000006c0800000,0x00000006c136ca00,0x00000006c7900000)
 Metaspace       used 34912K, capacity 35240K, committed 35456K, reserved 1081344K
  class space    used 4348K, capacity 4447K, committed 4480K, reserved 1048576K
Event: 3.533 GC heap after
Heap after GC invocations=7 (full 1):
 PSYoungGen      total 145920K, used 14016K [0x000000076ad80000, 0x0000000777a00000, 0x00000007c0000000)
  eden space 131072K, 0% used [0x000000076ad80000,0x000000076ad80000,0x0000000772d80000)
  from space 14848K, 94% used [0x0000000773d00000,0x0000000774ab0260,0x0000000774b80000)
  to   space 15872K, 0% used [0x0000000772d80000,0x0000000772d80000,0x0000000773d00000)
 ParOldGen       total 115712K, used 11706K [0x00000006c0800000, 0x00000006c7900000, 0x000000076ad80000)
  object space 115712K, 10% used [0x00000006c0800000,0x00000006c136ea00,0x00000006c7900000)
 Metaspace       used 34912K, capacity 35240K, committed 35456K, reserved 1081344K
  class space    used 4348K, capacity 4447K, committed 4480K, reserved 1048576K
}
Event: 3.533 GC heap before
{Heap before GC invocations=8 (full 2):
 PSYoungGen      total 145920K, used 14016K [0x000000076ad80000, 0x0000000777a00000, 0x00000007c0000000)
  eden space 131072K, 0% used [0x000000076ad80000,0x000000076ad80000,0x0000000772d80000)
  from space 14848K, 94% used [0x0000000773d00000,0x0000000774ab0260,0x0000000774b80000)
  to   space 15872K, 0% used [0x0000000772d80000,0x0000000772d80000,0x0000000773d00000)
 ParOldGen       total 115712K, used 11706K [0x00000006c0800000, 0x00000006c7900000, 0x000000076ad80000)
  object space 115712K, 10% used [0x00000006c0800000,0x00000006c136ea00,0x00000006c7900000)
 Metaspace       used 34912K, capacity 35240K, committed 35456K, reserved 1081344K
  class space    used 4348K, capacity 4447K, committed 4480K, reserved 1048576K
Event: 3.592 GC heap after
Heap after GC invocations=8 (full 2):
 PSYoungGen      total 145920K, used 0K [0x000000076ad80000, 0x0000000777a00000, 0x00000007c0000000)
  eden space 131072K, 0% used [0x000000076ad80000,0x000000076ad80000,0x0000000772d80000)
  from space 14848K, 0% used [0x0000000773d00000,0x0000000773d00000,0x0000000774b80000)
  to   space 15872K, 0% used [0x0000000772d80000,0x0000000772d80000,0x0000000773d00000)
 ParOldGen       total 190464K, used 22372K [0x00000006c0800000, 0x00000006cc200000, 0x000000076ad80000)
  object space 190464K, 11% used [0x00000006c0800000,0x00000006c1dd9118,0x00000006cc200000)
 Metaspace       used 34912K, capacity 35240K, committed 35456K, reserved 1081344K
  class space    used 4348K, capacity 4447K, committed 4480K, reserved 1048576K
}
Event: 8.752 GC heap before
{Heap before GC invocations=9 (full 2):
 PSYoungGen      total 145920K, used 131072K [0x000000076ad80000, 0x0000000777a00000, 0x00000007c0000000)
  eden space 131072K, 100% used [0x000000076ad80000,0x0000000772d80000,0x0000000772d80000)
  from space 14848K, 0% used [0x0000000773d00000,0x0000000773d00000,0x0000000774b80000)
  to   space 15872K, 0% used [0x0000000772d80000,0x0000000772d80000,0x0000000773d00000)
 ParOldGen       total 190464K, used 22372K [0x00000006c0800000, 0x00000006cc200000, 0x000000076ad80000)
  object space 190464K, 11% used [0x00000006c0800000,0x00000006c1dd9118,0x00000006cc200000)
 Metaspace       used 42256K, capacity 42738K, committed 43008K, reserved 1087488K
  class space    used 5212K, capacity 5326K, committed 5376K, reserved 1048576K
Event: 8.759 GC heap after
Heap after GC invocations=9 (full 2):
 PSYoungGen      total 146944K, used 12782K [0x000000076ad80000, 0x0000000777580000, 0x00000007c0000000)
  eden space 131072K, 0% used [0x000000076ad80000,0x000000076ad80000,0x0000000772d80000)
  from space 15872K, 80% used [0x0000000772d80000,0x00000007739fb898,0x0000000773d00000)
  to   space 16384K, 0% used [0x0000000776580000,0x0000000776580000,0x0000000777580000)
 ParOldGen       total 190464K, used 22380K [0x00000006c0800000, 0x00000006cc200000, 0x000000076ad80000)
  object space 190464K, 11% used [0x00000006c0800000,0x00000006c1ddb118,0x00000006cc200000)
 Metaspace       used 42256K, capacity 42738K, committed 43008K, reserved 1087488K
  class space    used 5212K, capacity 5326K, committed 5376K, reserved 1048576K
}

Deoptimization events (10 events):
Event: 18.872 Thread 0x0000000029e2e000 Uncommon trap: reason=unhandled action=none pc=0x00000000033fe994 method=java.net.URLClassLoader.findClass(Ljava/lang/String;)Ljava/lang/Class; @ 44
Event: 18.875 Thread 0x0000000029e2e000 Uncommon trap: reason=unhandled action=none pc=0x00000000033fe994 method=java.net.URLClassLoader.findClass(Ljava/lang/String;)Ljava/lang/Class; @ 44
Event: 18.875 Thread 0x0000000029e2e000 Uncommon trap: reason=unhandled action=none pc=0x00000000033fe994 method=java.net.URLClassLoader.findClass(Ljava/lang/String;)Ljava/lang/Class; @ 44
Event: 23.734 Thread 0x0000000024be2800 Uncommon trap: reason=unstable_if action=reinterpret pc=0x0000000002d54d9c method=com.fasterxml.jackson.databind.introspect.POJOPropertyBuilder.fromMemberAnnotations(Lcom/fasterxml/jackson/databind/introspect/POJOPropertyBuilder$WithMember;)Ljava/lang/Obje€°ç¡@@
Event: 33.265 Thread 0x0000000022d54800 Uncommon trap: reason=unhandled action=none pc=0x00000000033fe994 method=java.net.URLClassLoader.findClass(Ljava/lang/String;)Ljava/lang/Class; @ 44
Event: 33.266 Thread 0x0000000022d54800 Uncommon trap: reason=bimorphic action=maybe_recompile pc=0x0000000003208064 method=java.util.AbstractCollection.addAll(Ljava/util/Collection;)Z @ 29
Event: 33.266 Thread 0x0000000022d54800 Uncommon trap: reason=unhandled action=none pc=0x00000000033fe994 method=java.net.URLClassLoader.findClass(Ljava/lang/String;)Ljava/lang/Class; @ 44
Event: 63.266 Thread 0x0000000022d54800 Uncommon trap: reason=bimorphic action=maybe_recompile pc=0x0000000003208064 method=java.util.AbstractCollection.addAll(Ljava/util/Collection;)Z @ 29
Event: 93.268 Thread 0x0000000022d54800 Uncommon trap: reason=bimorphic action=maybe_recompile pc=0x0000000003208064 method=java.util.AbstractCollection.addAll(Ljava/util/Collection;)Z @ 29
Event: 123.268 Thread 0x0000000022d54800 Uncommon trap: reason=bimorphic action=maybe_recompile pc=0x0000000003208064 method=java.util.AbstractCollection.addAll(Ljava/util/Collection;)Z @ 29

Internal exceptions (10 events):
Event: 8.288 Thread 0x0000000029e2c800 Exception <a 'java/lang/ArrayIndexOutOfBoundsException': 78> (0x00000007724cff70) thrown at [C:\re\workspace\8-2-build-windows-amd64-cygwin\jdk8u60\4407\hotspot\src\share\vm\interpreter\interpreterRuntime.cpp, line 366]
Event: 8.288 Thread 0x0000000029e2c800 Exception <a 'java/lang/ArrayIndexOutOfBoundsException': 67> (0x00000007724d1540) thrown at [C:\re\workspace\8-2-build-windows-amd64-cygwin\jdk8u60\4407\hotspot\src\share\vm\interpreter\interpreterRuntime.cpp, line 366]
Event: 8.797 Thread 0x0000000029e2d800 Exception <a 'java/lang/ArrayIndexOutOfBoundsException': 76> (0x000000076b17b5f0) thrown at [C:\re\workspace\8-2-build-windows-amd64-cygwin\jdk8u60\4407\hotspot\src\share\vm\interpreter\interpreterRuntime.cpp, line 366]
Event: 8.797 Thread 0x0000000029e2d800 Exception <a 'java/lang/ArrayIndexOutOfBoundsException': 72> (0x000000076b17c610) thrown at [C:\re\workspace\8-2-build-windows-amd64-cygwin\jdk8u60\4407\hotspot\src\share\vm\interpreter\interpreterRuntime.cpp, line 366]
Event: 8.798 Thread 0x0000000029e2d800 Exception <a 'java/lang/ArrayIndexOutOfBoundsException': 79> (0x000000076b19c9f0) thrown at [C:\re\workspace\8-2-build-windows-amd64-cygwin\jdk8u60\4407\hotspot\src\share\vm\interpreter\interpreterRuntime.cpp, line 366]
Event: 8.798 Thread 0x0000000029e2d800 Exception <a 'java/lang/ArrayIndexOutOfBoundsException': 87> (0x000000076b1a7e38) thrown at [C:\re\workspace\8-2-build-windows-amd64-cygwin\jdk8u60\4407\hotspot\src\share\vm\interpreter\interpreterRuntime.cpp, line 366]
Event: 8.930 Thread 0x0000000029e31000 Implicit null exception at 0x0000000002ed2e04 to 0x0000000002ed3055
Event: 18.867 Thread 0x0000000029e2e000 Exception <a 'java/lang/ArrayIndexOutOfBoundsException': 92> (0x000000076c13f618) thrown at [C:\re\workspace\8-2-build-windows-amd64-cygwin\jdk8u60\4407\hotspot\src\share\vm\interpreter\interpreterRuntime.cpp, line 366]
Event: 18.868 Thread 0x0000000029e2e000 Exception <a 'java/lang/ArrayIndexOutOfBoundsException': 139> (0x000000076c141ae8) thrown at [C:\re\workspace\8-2-build-windows-amd64-cygwin\jdk8u60\4407\hotspot\src\share\vm\interpreter\interpreterRuntime.cpp, line 366]
Event: 18.868 Thread 0x0000000029e2e000 Exception <a 'java/lang/ArrayIndexOutOfBoundsException': 83> (0x000000076c143368) thrown at [C:\re\workspace\8-2-build-windows-amd64-cygwin\jdk8u60\4407\hotspot\src\share\vm\interpreter\interpreterRuntime.cpp, line 366]

Events (10 events):
Event: 268.565 Executing VM operation: BulkRevokeBias
Event: 268.565 Executing VM operation: BulkRevokeBias done
Event: 268.565 Thread 0x0000000021dcc000 Thread exited: 0x0000000021dcc000
Event: 270.631 Thread 0x0000000021dcc800 Thread exited: 0x0000000021dcc800
Event: 270.745 Thread 0x0000000021dc7800 Thread exited: 0x0000000021dc7800
Event: 274.196 Thread 0x000000001e320000 flushing nmethod 0x0000000002be0cd0
Event: 277.484 Thread 0x000000001e320000 flushing nmethod 0x0000000002e964d0
Event: 288.749 Thread 0x000000001e320000 flushing nmethod 0x0000000003037210
Event: 504.992 Executing VM operation: RedefineClasses
Event: 505.029 Executing VM operation: RedefineClasses done


Dynamic libraries:
0x00007ff716230000 - 0x00007ff716267000 	C:\Program Files\Java\jdk1.8.0_60\bin\javaw.exe
0x00007ffa56730000 - 0x00007ffa568f1000 	C:\WINDOWS\SYSTEM32\ntdll.dll
0x00007ffa55470000 - 0x00007ffa5551d000 	C:\WINDOWS\system32\KERNEL32.DLL
0x00007ffa538d0000 - 0x00007ffa53ab8000 	C:\WINDOWS\system32\KERNELBASE.dll
0x00007ffa53b30000 - 0x00007ffa53bd7000 	C:\WINDOWS\system32\ADVAPI32.dll
0x00007ffa552b0000 - 0x00007ffa5534d000 	C:\WINDOWS\system32\msvcrt.dll
0x00007ffa553b0000 - 0x00007ffa5540b000 	C:\WINDOWS\system32\sechost.dll
0x00007ffa55f60000 - 0x00007ffa5607c000 	C:\WINDOWS\system32\RPCRT4.dll
0x00007ffa55150000 - 0x00007ffa552a6000 	C:\WINDOWS\system32\USER32.dll
0x00007ffa560f0000 - 0x00007ffa56276000 	C:\WINDOWS\system32\GDI32.dll
0x00007ffa43c80000 - 0x00007ffa43ef4000 	C:\WINDOWS\WinSxS\amd64_microsoft.windows.common-controls_6595b64144ccf1df_6.0.10586.0_none_8c15ae12515e1c22\COMCTL32.dll
0x00007ffa559c0000 - 0x00007ffa55c3d000 	C:\WINDOWS\system32\combase.dll
0x00007ffa53ac0000 - 0x00007ffa53b2a000 	C:\WINDOWS\system32\bcryptPrimitives.dll
0x00007ffa56280000 - 0x00007ffa562bb000 	C:\WINDOWS\system32\IMM32.DLL
0x00000000666e0000 - 0x00000000667b2000 	C:\Program Files\Java\jdk1.8.0_60\jre\bin\msvcr100.dll
0x0000000065e50000 - 0x00000000666d9000 	C:\Program Files\Java\jdk1.8.0_60\jre\bin\server\jvm.dll
0x00007ffa55f40000 - 0x00007ffa55f48000 	C:\WINDOWS\system32\PSAPI.DLL
0x00007ffa46600000 - 0x00007ffa46609000 	C:\WINDOWS\SYSTEM32\WSOCK32.dll
0x00007ffa51160000 - 0x00007ffa51183000 	C:\WINDOWS\SYSTEM32\WINMM.dll
0x00007ffa4ede0000 - 0x00007ffa4edea000 	C:\WINDOWS\SYSTEM32\VERSION.dll
0x00007ffa56080000 - 0x00007ffa560eb000 	C:\WINDOWS\system32\WS2_32.dll
0x00000000020c0000 - 0x00000000020ec000 	C:\WINDOWS\SYSTEM32\WINMMBASE.dll
0x00007ffa535d0000 - 0x00007ffa53613000 	C:\WINDOWS\system32\cfgmgr32.dll
0x0000000065e40000 - 0x0000000065e4f000 	C:\Program Files\Java\jdk1.8.0_60\jre\bin\verify.dll
0x0000000065e10000 - 0x0000000065e39000 	C:\Program Files\Java\jdk1.8.0_60\jre\bin\java.dll
0x0000000065dd0000 - 0x0000000065e05000 	C:\Program Files\Java\jdk1.8.0_60\jre\bin\jdwp.dll
0x0000000065dc0000 - 0x0000000065dc8000 	C:\Program Files\Java\jdk1.8.0_60\jre\bin\npt.dll
0x0000000065da0000 - 0x0000000065db6000 	C:\Program Files\Java\jdk1.8.0_60\jre\bin\zip.dll
0x00007ffa53be0000 - 0x00007ffa5513f000 	C:\WINDOWS\system32\SHELL32.dll
0x00007ffa52f80000 - 0x00007ffa535c4000 	C:\WINDOWS\system32\windows.storage.dll
0x00007ffa563b0000 - 0x00007ffa56402000 	C:\WINDOWS\system32\shlwapi.dll
0x00007ffa52da0000 - 0x00007ffa52daf000 	C:\WINDOWS\system32\kernel.appcore.dll
0x00007ffa537f0000 - 0x00007ffa538a5000 	C:\WINDOWS\system32\shcore.dll
0x00007ffa52d50000 - 0x00007ffa52d9b000 	C:\WINDOWS\system32\powrprof.dll
0x00007ffa52db0000 - 0x00007ffa52dc4000 	C:\WINDOWS\system32\profapi.dll
0x0000000065d90000 - 0x0000000065d99000 	C:\Program Files\Java\jdk1.8.0_60\jre\bin\dt_socket.dll
0x00007ffa45af0000 - 0x00007ffa45b06000 	C:\WINDOWS\system32\napinsp.dll
0x00007ffa45b10000 - 0x00007ffa45b2a000 	C:\WINDOWS\system32\pnrpnsp.dll
0x00007ffa4f110000 - 0x00007ffa4f128000 	C:\WINDOWS\system32\NLAapi.dll
0x00007ffa52620000 - 0x00007ffa5267c000 	C:\WINDOWS\System32\mswsock.dll
0x00007ffa516d0000 - 0x00007ffa5177a000 	C:\WINDOWS\SYSTEM32\DNSAPI.dll
0x00007ffa55140000 - 0x00007ffa55148000 	C:\WINDOWS\system32\NSI.dll
0x00007ffa45b30000 - 0x00007ffa45b3d000 	C:\WINDOWS\System32\winrnr.dll
0x00007ffa45b40000 - 0x00007ffa45b55000 	C:\WINDOWS\System32\wshbth.dll
0x0000000067350000 - 0x0000000067376000 	C:\Program Files\Bonjour\mdnsNSP.dll
0x00007ffa50490000 - 0x00007ffa504c8000 	C:\WINDOWS\SYSTEM32\Iphlpapi.DLL
0x00007ffa4c4a0000 - 0x00007ffa4c507000 	C:\WINDOWS\System32\fwpuclnt.dll
0x00007ffa52c80000 - 0x00007ffa52ca9000 	C:\WINDOWS\SYSTEM32\bcrypt.dll
0x00007ffa4b580000 - 0x00007ffa4b58a000 	C:\Windows\System32\rasadhlp.dll
0x0000000065d80000 - 0x0000000065d8d000 	C:\Program Files\Java\jdk1.8.0_60\jre\bin\management.dll
0x0000000065d60000 - 0x0000000065d7a000 	C:\Program Files\Java\jdk1.8.0_60\jre\bin\net.dll
0x0000000065d40000 - 0x0000000065d51000 	C:\Program Files\Java\jdk1.8.0_60\jre\bin\nio.dll
0x00007ffa526d0000 - 0x00007ffa526e7000 	C:\WINDOWS\SYSTEM32\CRYPTSP.dll
0x00007ffa52360000 - 0x00007ffa52394000 	C:\WINDOWS\system32\rsaenh.dll
0x00007ffa524b0000 - 0x00007ffa524cf000 	C:\WINDOWS\SYSTEM32\USERENV.dll
0x00007ffa527f0000 - 0x00007ffa527fb000 	C:\WINDOWS\SYSTEM32\CRYPTBASE.dll
0x00007ffa4f620000 - 0x00007ffa4f636000 	C:\WINDOWS\SYSTEM32\dhcpcsvc6.DLL
0x00007ffa4f600000 - 0x00007ffa4f61a000 	C:\WINDOWS\SYSTEM32\dhcpcsvc.DLL
0x00007ffa4c760000 - 0x00007ffa4c8ec000 	C:\WINDOWS\SYSTEM32\dbghelp.dll

VM Arguments:
jvm_args: -agentlib:jdwp=transport=dt_socket,suspend=y,address=localhost:14565 -Dcom.sun.management.jmxremote -Dcom.sun.management.jmxremote.port=24816 -Dcom.sun.management.jmxremote.authenticate=false -Dcom.sun.management.jmxremote.ssl=false -Dspring.liveBeansView.mbeanDomain -Dspring.application.admin.enabled=true -Dfile.encoding=MS949 
java_command: com.coretree.defaultconfig.Application
java_class_path (initial): D:\dev\workspaces\workspace_spring\coretree-webcrm-master\target\classes;C:\Users\sequel2\.m2\repository\org\springframework\security\spring-security-web\4.0.3.RELEASE\spring-security-web-4.0.3.RELEASE.jar;C:\Users\sequel2\.m2\repository\aopalliance\aopalliance\1.0\aopalliance-1.0.jar;C:\Users\sequel2\.m2\repository\org\springframework\security\spring-security-core\4.0.3.RELEASE\spring-security-core-4.0.3.RELEASE.jar;C:\Users\sequel2\.m2\repository\org\springframework\spring-beans\4.2.4.RELEASE\spring-beans-4.2.4.RELEASE.jar;C:\Users\sequel2\.m2\repository\org\springframework\spring-context\4.2.4.RELEASE\spring-context-4.2.4.RELEASE.jar;C:\Users\sequel2\.m2\repository\org\springframework\spring-core\4.2.4.RELEASE\spring-core-4.2.4.RELEASE.jar;C:\Users\sequel2\.m2\repository\org\springframework\spring-expression\4.2.4.RELEASE\spring-expression-4.2.4.RELEASE.jar;C:\Users\sequel2\.m2\repository\org\springframework\spring-web\4.2.4.RELEASE\spring-web-4.2.4.RELEASE.jar;C:\Users\sequel2\.m2\repository\org\springframework\security\spring-security-config\4.0.3.RELEASE\spring-security-config-4.0.3.RELEASE.jar;C:\Users\sequel2\.m2\repository\org\springframework\spring-aop\4.2.4.RELEASE\spring-aop-4.2.4.RELEASE.jar;C:\Users\sequel2\.m2\repository\org\springframework\boot\spring-boot-starter-web\1.3.1.RELEASE\spring-boot-starter-web-1.3.1.RELEASE.jar;C:\Users\sequel2\.m2\repository\org\springframework\boot\spring-boot-starter\1.3.1.RELEASE\spring-boot-starter-1.3.1.RELEASE.jar;C:\Users\sequel2\.m2\repository\org\springframework\boot\spring-boot-autoconfigure\1.3.1.RELEASE\spring-boot-autoconfigure-1.3.1.RELEASE.jar;C:\Users\sequel2\.m2\repository\org\springframework\boot\spring-boot-starter-logging\1.3.1.RELEASE\spring-boot-starter-logging-1.3.1.RELEASE.jar;C:\Users\sequel2\.m2\repository\ch\qos\logback\logback-classic\1.1.3\logback-classic-1.1.3.jar;C:\Users\sequel2\.m2\repository\ch\qos\logback\logback-core\1.1.3\logback-core-1.1.3.jar;C:\Users\se
Launcher Type: SUN_STANDARD

Environment Variables:
JAVA_HOME=C:\Program Files\Java\jdk1.8.0_60
JRE_HOME=C:\Program Files\Java\jre1.8.0_60
CLASSPATH=.;C:\Program Files\Java\jdk1.8.0_60\lib\tools.jar
PATH=C:\Program Files\Java\jdk1.8.0_60\jre\bin;C:/Program Files/Java/jre1.8.0_60/bin/server;C:/Program Files/Java/jre1.8.0_60/bin;C:/Program Files/Java/jre1.8.0_60/lib/amd64;C:\ProgramData\Oracle\Java\javapath;C:\Windows\system32;C:\Windows;C:\Windows\System32\Wbem;C:\Windows\System32\WindowsPowerShell\v1.0\;C:\Program Files (x86)\NVIDIA Corporation\PhysX\Common;C:\WINDOWS\system32\config\systemprofile\.dnx\bin;C:\Program Files\Microsoft DNX\Dnvm\;C:\WINDOWS\system32;C:\WINDOWS;C:\WINDOWS\System32\Wbem;C:\WINDOWS\System32\WindowsPowerShell\v1.0\;C:\Program Files\Java\jdk1.8.0_60\bin;D:\dev\DevTools\apache-maven-3.3.9\bin;D:\dev\DevTools\npm;C:\Program Files\Bandizip\7z;D:\dev\DevTools\sts-bundle\sts-3.7.2.RELEASE;
USERNAME=sequel2
OS=Windows_NT
PROCESSOR_IDENTIFIER=Intel64 Family 6 Model 42 Stepping 7, GenuineIntel



---------------  S Y S T E M  ---------------

OS: Windows 10.0 , 64 bit Build 10586 (10.0.10586.0)

CPU:total 8 (4 cores per cpu, 2 threads per core) family 6 model 42 stepping 7, cmov, cx8, fxsr, mmx, sse, sse2, sse3, ssse3, sse4.1, sse4.2, popcnt, avx, aes, clmul, ht, tsc, tscinvbit

Memory: 4k page, physical 16743564k(12441412k free), swap 19233932k(12941924k free)

vm_info: Java HotSpot(TM) 64-Bit Server VM (25.60-b23) for windows-amd64 JRE (1.8.0_60-b27), built on Aug  4 2015 11:06:27 by "java_re" with MS VC++ 10.0 (VS2010)

time: Wed Jan 20 11:09:49 2016
elapsed time: 548 seconds (0d 0h 9m 8s)

