#
# A fatal error has been detected by the Java Runtime Environment:
#
#  EXCEPTION_ACCESS_VIOLATION (0xc0000005) at pc=0x0000000073558845, pid=4444, tid=9660
#
# JRE version: Java(TM) SE Runtime Environment (8.0_60-b27) (build 1.8.0_60-b27)
# Java VM: Java HotSpot(TM) 64-Bit Server VM (25.60-b23 mixed mode windows-amd64 compressed oops)
# Problematic frame:
# V  [jvm.dll+0x128845]
#
# Failed to write core dump. Minidumps are not enabled by default on client versions of Windows
#
# If you would like to submit a bug report, please visit:
#   http://bugreport.java.com/bugreport/crash.jsp
#

---------------  T H R E A D  ---------------

Current thread (0x00000000172c7800):  JavaThread "JDWP Transport Listener: dt_socket" daemon [_thread_in_vm, id=9660, stack(0x0000000018c10000,0x0000000018d10000)]

siginfo: ExceptionCode=0xc0000005, reading address 0xffffffffffffffff

Registers:
RAX=0x0000000018d0f501, RBX=0x00000000172c7800, RCX=0x74687361482f6c69, RDX=0x0000000000000000
RSP=0x0000000018d0f4e0, RBP=0x74687361482f6c69, RSI=0x0000000018d0f5f8, RDI=0x000000000266d530
R8 =0x00000000172c7800, R9 =0x0000000000000000, R10=0x0000000000000000, R11=0x0000000000000064
R12=0x0000000000000000, R13=0x00000000172d1a48, R14=0x0000000000000000, R15=0x0000000000000000
RIP=0x0000000073558845, EFLAGS=0x0000000000010206

Top of Stack: (sp=0x0000000018d0f4e0)
0x0000000018d0f4e0:   00000000172c7800 00000000172c7800
0x0000000018d0f4f0:   0000000018d0f5a8 000000007375e18b
0x0000000018d0f500:   00000000172c7800 000000007377a9ed
0x0000000018d0f510:   0000000000000000 0000000073259155
0x0000000018d0f520:   0000000020915f88 000000007326291e
0x0000000018d0f530:   00000000172c7800 0000000000000000
0x0000000018d0f540:   0000000000000000 0000000000000000
0x0000000018d0f550:   74687361482f6c69 0000000073261a15
0x0000000018d0f560:   0000000018d0f5f8 0000000018d0f5d0
0x0000000018d0f570:   0000000000000001 0000000020915f88
0x0000000018d0f580:   74687361482f6c69 00000000732453b3
0x0000000018d0f590:   0000000018d0f6c0 0000000000000001
0x0000000018d0f5a0:   0000000000000001 0000000020915f88
0x0000000018d0f5b0:   0000000000000001 0000000000000000
0x0000000018d0f5c0:   0000000000000000 0000000000000000
0x0000000018d0f5d0:   0000000000000001 0000000073245571 

Instructions: (pc=0x0000000073558845)
0x0000000073558825:   cc cc cc cc cc cc cc cc cc cc cc 48 83 ec 28 48
0x0000000073558835:   85 c9 75 07 33 c0 48 83 c4 28 c3 48 89 5c 24 20
0x0000000073558845:   48 8b 19 48 85 db 74 20 48 83 fb 37 74 1a 48 8b
0x0000000073558855:   13 48 8b cb ff 52 10 84 c0 74 0d 48 8b c3 48 8b 


Register to memory mapping:

RAX=0x0000000018d0f501 is pointing into the stack for thread: 0x00000000172c7800
RBX=0x00000000172c7800 is a thread
RCX=0x74687361482f6c69 is an unknown value
RDX=0x0000000000000000 is an unknown value
RSP=0x0000000018d0f4e0 is pointing into the stack for thread: 0x00000000172c7800
RBP=0x74687361482f6c69 is an unknown value
RSI=0x0000000018d0f5f8 is pointing into the stack for thread: 0x00000000172c7800
RDI=0x000000000266d530 is an unknown value
R8 =0x00000000172c7800 is a thread
R9 =0x0000000000000000 is an unknown value
R10=0x0000000000000000 is an unknown value
R11=0x0000000000000064 is an unknown value
R12=0x0000000000000000 is an unknown value
R13=0x00000000172d1a48 is an unknown value
R14=0x0000000000000000 is an unknown value
R15=0x0000000000000000 is an unknown value


Stack: [0x0000000018c10000,0x0000000018d10000],  sp=0x0000000018d0f4e0,  free space=1021k
Native frames: (J=compiled Java code, j=interpreted, Vv=VM code, C=native code)
V  [jvm.dll+0x128845]
V  [jvm.dll+0x34a9ed]
C  [jdwp.dll+0x21a15]
C  [jdwp.dll+0x53b3]
C  [jdwp.dll+0x5571]
C  [jdwp.dll+0xf0a8]
C  [jdwp.dll+0x1f2d5]
C  [jdwp.dll+0x1f4aa]
V  [jvm.dll+0x1bb8e8]
V  [jvm.dll+0x243134]
V  [jvm.dll+0x299f6a]
C  [msvcr100.dll+0x21d9f]
C  [msvcr100.dll+0x21e3b]
C  [KERNEL32.DLL+0x18102]
C  [ntdll.dll+0x5c264]


---------------  P R O C E S S  ---------------

Java Threads: ( => current thread )
  0x000000002325e800 JavaThread "Pool jdbc:firebirdsql:localhost/3050:d:/dev/fbdb/webcrm.fdb idleRemover" daemon [_thread_blocked, id=4448, stack(0x0000000026b80000,0x0000000026c80000)]
  0x000000002325d000 JavaThread "http-nio-8080-exec-10" daemon [_thread_blocked, id=5416, stack(0x0000000026a80000,0x0000000026b80000)]
  0x0000000023261800 JavaThread "http-nio-8080-exec-9" daemon [_thread_blocked, id=8052, stack(0x0000000026980000,0x0000000026a80000)]
  0x000000002325f800 JavaThread "http-nio-8080-exec-8" daemon [_thread_blocked, id=1768, stack(0x0000000026880000,0x0000000026980000)]
  0x0000000023264000 JavaThread "http-nio-8080-exec-7" daemon [_thread_blocked, id=2780, stack(0x0000000026780000,0x0000000026880000)]
  0x0000000023262800 JavaThread "http-nio-8080-exec-6" daemon [_thread_blocked, id=1500, stack(0x0000000026680000,0x0000000026780000)]
  0x0000000023260000 JavaThread "http-nio-8080-exec-5" daemon [_thread_blocked, id=3208, stack(0x0000000026580000,0x0000000026680000)]
  0x0000000023263000 JavaThread "http-nio-8080-exec-4" daemon [_thread_blocked, id=6460, stack(0x0000000026480000,0x0000000026580000)]
  0x0000000023255800 JavaThread "http-nio-8080-exec-3" daemon [_thread_blocked, id=4180, stack(0x0000000026380000,0x0000000026480000)]
  0x000000002325c800 JavaThread "http-nio-8080-exec-2" daemon [_thread_blocked, id=9128, stack(0x0000000026280000,0x0000000026380000)]
  0x0000000023255000 JavaThread "http-nio-8080-exec-1" daemon [_thread_blocked, id=10940, stack(0x0000000026180000,0x0000000026280000)]
  0x000000002325b800 JavaThread "DestroyJavaVM" [_thread_blocked, id=756, stack(0x00000000024a0000,0x00000000025a0000)]
  0x0000000023258800 JavaThread "http-nio-8080-Acceptor-0" daemon [_thread_in_native, id=8492, stack(0x0000000025e80000,0x0000000025f80000)]
  0x0000000023257000 JavaThread "http-nio-8080-ClientPoller-1" daemon [_thread_in_native, id=10452, stack(0x0000000025d80000,0x0000000025e80000)]
  0x000000002325b000 JavaThread "http-nio-8080-ClientPoller-0" daemon [_thread_in_native, id=5100, stack(0x0000000025c80000,0x0000000025d80000)]
  0x0000000023258000 JavaThread "NioBlockingSelector.BlockPoller-1" daemon [_thread_in_native, id=5256, stack(0x0000000024b30000,0x0000000024c30000)]
  0x0000000023256800 JavaThread "MessageBroker-4" [_thread_blocked, id=5164, stack(0x0000000023650000,0x0000000023750000)]
  0x0000000023259800 JavaThread "MessageBroker-3" [_thread_blocked, id=6208, stack(0x0000000022560000,0x0000000022660000)]
  0x000000002325a000 JavaThread "MessageBroker-2" [_thread_blocked, id=10704, stack(0x0000000022460000,0x0000000022560000)]
  0x000000001a50f000 JavaThread "Timer-0" [_thread_blocked, id=4188, stack(0x0000000022360000,0x0000000022460000)]
  0x000000001a50e000 JavaThread "Thread-1" [_thread_in_native, id=5532, stack(0x0000000020d60000,0x0000000020e60000)]
  0x000000001a515000 JavaThread "MessageBroker-1" [_thread_blocked, id=10860, stack(0x0000000020c60000,0x0000000020d60000)]
  0x000000001a514800 JavaThread "container-0" [_thread_blocked, id=7412, stack(0x0000000020b60000,0x0000000020c60000)]
  0x000000001a513800 JavaThread "ContainerBackgroundProcessor[StandardEngine[Tomcat].StandardHost[localhost].StandardContext[]]" daemon [_thread_blocked, id=10672, stack(0x000000001f700000,0x000000001f800000)]
  0x0000000019568000 JavaThread "RMI TCP Accept-0" daemon [_thread_in_native, id=9772, stack(0x0000000019d10000,0x0000000019e10000)]
  0x00000000194ee800 JavaThread "RMI TCP Accept-16197" daemon [_thread_in_native, id=732, stack(0x0000000019c10000,0x0000000019d10000)]
  0x0000000019795000 JavaThread "RMI TCP Accept-0" daemon [_thread_in_native, id=6884, stack(0x0000000019b10000,0x0000000019c10000)]
  0x00000000186b3800 JavaThread "Service Thread" daemon [_thread_blocked, id=10972, stack(0x0000000019210000,0x0000000019310000)]
  0x00000000172fd000 JavaThread "C1 CompilerThread2" daemon [_thread_blocked, id=7276, stack(0x0000000019110000,0x0000000019210000)]
  0x00000000172ea800 JavaThread "C2 CompilerThread1" daemon [_thread_blocked, id=9720, stack(0x0000000019010000,0x0000000019110000)]
  0x00000000172e6000 JavaThread "C2 CompilerThread0" daemon [_thread_blocked, id=8340, stack(0x0000000018f10000,0x0000000019010000)]
  0x00000000172d7800 JavaThread "JDWP Command Reader" daemon [_thread_in_native, id=5320, stack(0x0000000018e10000,0x0000000018f10000)]
  0x00000000172d6000 JavaThread "JDWP Event Helper Thread" daemon [_thread_blocked, id=4456, stack(0x0000000018d10000,0x0000000018e10000)]
=>0x00000000172c7800 JavaThread "JDWP Transport Listener: dt_socket" daemon [_thread_in_vm, id=9660, stack(0x0000000018c10000,0x0000000018d10000)]
  0x00000000172bd800 JavaThread "Attach Listener" daemon [_thread_blocked, id=9500, stack(0x0000000018b10000,0x0000000018c10000)]
  0x0000000018653800 JavaThread "Signal Dispatcher" daemon [_thread_blocked, id=6580, stack(0x0000000018a10000,0x0000000018b10000)]
  0x000000000276c000 JavaThread "Finalizer" daemon [_thread_blocked, id=7308, stack(0x0000000018510000,0x0000000018610000)]
  0x0000000002763000 JavaThread "Reference Handler" daemon [_thread_blocked, id=6856, stack(0x0000000018410000,0x0000000018510000)]

Other Threads:
  0x0000000017267000 VMThread [stack: 0x0000000018310000,0x0000000018410000] [id=7172]
  0x000000001956a000 WatcherThread [stack: 0x0000000019e10000,0x0000000019f10000] [id=10408]

VM state:not at safepoint (normal execution)

VM Mutex/Monitor currently owned by a thread: None

Heap:
 PSYoungGen      total 163328K, used 65176K [0x00000000d5f00000, 0x00000000e3b00000, 0x0000000100000000)
  eden space 150528K, 43% used [0x00000000d5f00000,0x00000000d9ea6180,0x00000000df200000)
  from space 12800K, 0% used [0x00000000e0180000,0x00000000e0180000,0x00000000e0e00000)
  to   space 15872K, 0% used [0x00000000df200000,0x00000000df200000,0x00000000e0180000)
 ParOldGen       total 105472K, used 25352K [0x0000000081c00000, 0x0000000088300000, 0x00000000d5f00000)
  object space 105472K, 24% used [0x0000000081c00000,0x00000000834c20b0,0x0000000088300000)
 Metaspace       used 38336K, capacity 38710K, committed 39208K, reserved 1083392K
  class space    used 4773K, capacity 4886K, committed 4904K, reserved 1048576K

Card table byte_map: [0x0000000011b30000,0x0000000011f30000] byte_map_base: 0x0000000011722000

Marking Bits: (ParMarkBitMap*) 0x0000000073c3a5b0
 Begin Bits: [0x00000000125e0000, 0x0000000014570000)
 End Bits:   [0x0000000014570000, 0x0000000016500000)

Polling page: 0x0000000000440000

CodeCache: size=245760Kb used=15708Kb max_used=15708Kb free=230051Kb
 bounds [0x0000000002770000, 0x00000000036e0000, 0x0000000011770000]
 total_blobs=4629 nmethods=4208 adapters=340
 compilation: enabled

Compilation events (10 events):
Event: 235.303 Thread 0x00000000172fd000 4830       3       org.springframework.messaging.simp.broker.DefaultSubscriptionRegistry::findSubscriptionsInternal (17 bytes)
Event: 235.304 Thread 0x00000000172fd000 nmethod 4830 0x00000000030f8210 code [0x00000000030f8380, 0x00000000030f8578]
Event: 237.296 Thread 0x00000000172fd000 4831       3       java.util.concurrent.locks.LockSupport::park (23 bytes)
Event: 237.297 Thread 0x00000000172fd000 nmethod 4831 0x00000000033b3450 code [0x00000000033b35c0, 0x00000000033b3908]
Event: 241.001 Thread 0x00000000172fd000 4832       3       java.util.concurrent.locks.AbstractQueuedSynchronizer$ConditionObject::signal (33 bytes)
Event: 241.002 Thread 0x00000000172fd000 nmethod 4832 0x00000000033e56d0 code [0x00000000033e5860, 0x00000000033e5be8]
Event: 247.360 Thread 0x00000000172fd000 4833       3       java.util.concurrent.locks.AbstractQueuedSynchronizer::transferForSignal (45 bytes)
Event: 247.361 Thread 0x00000000172fd000 nmethod 4833 0x00000000033e4e10 code [0x00000000033e4fa0, 0x00000000033e5498]
Event: 249.377 Thread 0x00000000172fd000 4834       3       java.util.concurrent.ConcurrentHashMap$KeyIterator::next (34 bytes)
Event: 249.378 Thread 0x00000000172fd000 nmethod 4834 0x00000000036c4050 code [0x00000000036c41e0, 0x00000000036c4518]

GC Heap History (10 events):
Event: 6.299 GC heap before
{Heap before GC invocations=6 (full 1):
 PSYoungGen      total 71680K, used 5113K [0x00000000d5f00000, 0x00000000df500000, 0x0000000100000000)
  eden space 66560K, 0% used [0x00000000d5f00000,0x00000000d5f00000,0x00000000da000000)
  from space 5120K, 99% used [0x00000000da000000,0x00000000da4fe620,0x00000000da500000)
  to   space 10240K, 0% used [0x00000000deb00000,0x00000000deb00000,0x00000000df500000)
 ParOldGen       total 87552K, used 15733K [0x0000000081c00000, 0x0000000087180000, 0x00000000d5f00000)
  object space 87552K, 17% used [0x0000000081c00000,0x0000000082b5d588,0x0000000087180000)
 Metaspace       used 20852K, capacity 21158K, committed 21296K, reserved 1069056K
  class space    used 2610K, capacity 2662K, committed 2688K, reserved 1048576K
Event: 6.388 GC heap after
Heap after GC invocations=6 (full 1):
 PSYoungGen      total 71680K, used 0K [0x00000000d5f00000, 0x00000000df500000, 0x0000000100000000)
  eden space 66560K, 0% used [0x00000000d5f00000,0x00000000d5f00000,0x00000000da000000)
  from space 5120K, 0% used [0x00000000da000000,0x00000000da000000,0x00000000da500000)
  to   space 10240K, 0% used [0x00000000deb00000,0x00000000deb00000,0x00000000df500000)
 ParOldGen       total 64512K, used 11559K [0x0000000081c00000, 0x0000000085b00000, 0x00000000d5f00000)
  object space 64512K, 17% used [0x0000000081c00000,0x0000000082749f58,0x0000000085b00000)
 Metaspace       used 20852K, capacity 21158K, committed 21296K, reserved 1069056K
  class space    used 2610K, capacity 2662K, committed 2688K, reserved 1048576K
}
Event: 9.102 GC heap before
{Heap before GC invocations=7 (full 1):
 PSYoungGen      total 71680K, used 66560K [0x00000000d5f00000, 0x00000000df500000, 0x0000000100000000)
  eden space 66560K, 100% used [0x00000000d5f00000,0x00000000da000000,0x00000000da000000)
  from space 5120K, 0% used [0x00000000da000000,0x00000000da000000,0x00000000da500000)
  to   space 10240K, 0% used [0x00000000deb00000,0x00000000deb00000,0x00000000df500000)
 ParOldGen       total 64512K, used 11559K [0x0000000081c00000, 0x0000000085b00000, 0x00000000d5f00000)
  object space 64512K, 17% used [0x0000000081c00000,0x0000000082749f58,0x0000000085b00000)
 Metaspace       used 25396K, capacity 25700K, committed 25856K, reserved 1071104K
  class space    used 3206K, capacity 3275K, committed 3328K, reserved 1048576K
Event: 9.117 GC heap after
Heap after GC invocations=7 (full 1):
 PSYoungGen      total 109056K, used 6984K [0x00000000d5f00000, 0x00000000df200000, 0x0000000100000000)
  eden space 101888K, 0% used [0x00000000d5f00000,0x00000000d5f00000,0x00000000dc280000)
  from space 7168K, 97% used [0x00000000deb00000,0x00000000df1d2020,0x00000000df200000)
  to   space 10240K, 0% used [0x00000000dde00000,0x00000000dde00000,0x00000000de800000)
 ParOldGen       total 64512K, used 11567K [0x0000000081c00000, 0x0000000085b00000, 0x00000000d5f00000)
  object space 64512K, 17% used [0x0000000081c00000,0x000000008274bf58,0x0000000085b00000)
 Metaspace       used 25396K, capacity 25700K, committed 25856K, reserved 1071104K
  class space    used 3206K, capacity 3275K, committed 3328K, reserved 1048576K
}
Event: 12.007 GC heap before
{Heap before GC invocations=8 (full 1):
 PSYoungGen      total 109056K, used 108872K [0x00000000d5f00000, 0x00000000df200000, 0x0000000100000000)
  eden space 101888K, 100% used [0x00000000d5f00000,0x00000000dc280000,0x00000000dc280000)
  from space 7168K, 97% used [0x00000000deb00000,0x00000000df1d2020,0x00000000df200000)
  to   space 10240K, 0% used [0x00000000dde00000,0x00000000dde00000,0x00000000de800000)
 ParOldGen       total 64512K, used 11567K [0x0000000081c00000, 0x0000000085b00000, 0x00000000d5f00000)
  object space 64512K, 17% used [0x0000000081c00000,0x000000008274bf58,0x0000000085b00000)
 Metaspace       used 30511K, capacity 30804K, committed 31104K, reserved 1077248K
  class space    used 3847K, capacity 3923K, committed 3968K, reserved 1048576K
Event: 12.036 GC heap after
Heap after GC invocations=8 (full 1):
 PSYoungGen      total 140288K, used 10229K [0x00000000d5f00000, 0x00000000e0e00000, 0x0000000100000000)
  eden space 130048K, 0% used [0x00000000d5f00000,0x00000000d5f00000,0x00000000dde00000)
  from space 10240K, 99% used [0x00000000dde00000,0x00000000de7fd6f8,0x00000000de800000)
  to   space 12800K, 0% used [0x00000000e0180000,0x00000000e0180000,0x00000000e0e00000)
 ParOldGen       total 64512K, used 14372K [0x0000000081c00000, 0x0000000085b00000, 0x00000000d5f00000)
  object space 64512K, 22% used [0x0000000081c00000,0x0000000082a09018,0x0000000085b00000)
 Metaspace       used 30511K, capacity 30804K, committed 31104K, reserved 1077248K
  class space    used 3847K, capacity 3923K, committed 3968K, reserved 1048576K
}
Event: 15.263 GC heap before
{Heap before GC invocations=9 (full 1):
 PSYoungGen      total 140288K, used 115937K [0x00000000d5f00000, 0x00000000e0e00000, 0x0000000100000000)
  eden space 130048K, 81% used [0x00000000d5f00000,0x00000000dc63ae58,0x00000000dde00000)
  from space 10240K, 99% used [0x00000000dde00000,0x00000000de7fd6f8,0x00000000de800000)
  to   space 12800K, 0% used [0x00000000e0180000,0x00000000e0180000,0x00000000e0e00000)
 ParOldGen       total 64512K, used 14372K [0x0000000081c00000, 0x0000000085b00000, 0x00000000d5f00000)
  object space 64512K, 22% used [0x0000000081c00000,0x0000000082a09018,0x0000000085b00000)
 Metaspace       used 34922K, capacity 35272K, committed 35496K, reserved 1081344K
  class space    used 4412K, capacity 4491K, committed 4520K, reserved 1048576K
Event: 15.296 GC heap after
Heap after GC invocations=9 (full 1):
 PSYoungGen      total 163328K, used 12768K [0x00000000d5f00000, 0x00000000e3b00000, 0x0000000100000000)
  eden space 150528K, 0% used [0x00000000d5f00000,0x00000000d5f00000,0x00000000df200000)
  from space 12800K, 99% used [0x00000000e0180000,0x00000000e0df8050,0x00000000e0e00000)
  to   space 15872K, 0% used [0x00000000df200000,0x00000000df200000,0x00000000e0180000)
 ParOldGen       total 64512K, used 18486K [0x0000000081c00000, 0x0000000085b00000, 0x00000000d5f00000)
  object space 64512K, 28% used [0x0000000081c00000,0x0000000082e0d8e8,0x0000000085b00000)
 Metaspace       used 34922K, capacity 35272K, committed 35496K, reserved 1081344K
  class space    used 4412K, capacity 4491K, committed 4520K, reserved 1048576K
}
Event: 15.297 GC heap before
{Heap before GC invocations=10 (full 2):
 PSYoungGen      total 163328K, used 12768K [0x00000000d5f00000, 0x00000000e3b00000, 0x0000000100000000)
  eden space 150528K, 0% used [0x00000000d5f00000,0x00000000d5f00000,0x00000000df200000)
  from space 12800K, 99% used [0x00000000e0180000,0x00000000e0df8050,0x00000000e0e00000)
  to   space 15872K, 0% used [0x00000000df200000,0x00000000df200000,0x00000000e0180000)
 ParOldGen       total 64512K, used 18486K [0x0000000081c00000, 0x0000000085b00000, 0x00000000d5f00000)
  object space 64512K, 28% used [0x0000000081c00000,0x0000000082e0d8e8,0x0000000085b00000)
 Metaspace       used 34922K, capacity 35272K, committed 35496K, reserved 1081344K
  class space    used 4412K, capacity 4491K, committed 4520K, reserved 1048576K
Event: 15.470 GC heap after
Heap after GC invocations=10 (full 2):
 PSYoungGen      total 163328K, used 0K [0x00000000d5f00000, 0x00000000e3b00000, 0x0000000100000000)
  eden space 150528K, 0% used [0x00000000d5f00000,0x00000000d5f00000,0x00000000df200000)
  from space 12800K, 0% used [0x00000000e0180000,0x00000000e0180000,0x00000000e0e00000)
  to   space 15872K, 0% used [0x00000000df200000,0x00000000df200000,0x00000000e0180000)
 ParOldGen       total 105472K, used 25352K [0x0000000081c00000, 0x0000000088300000, 0x00000000d5f00000)
  object space 105472K, 24% used [0x0000000081c00000,0x00000000834c20b0,0x0000000088300000)
 Metaspace       used 34922K, capacity 35272K, committed 35496K, reserved 1081344K
  class space    used 4412K, capacity 4491K, committed 4520K, reserved 1048576K
}

Deoptimization events (10 events):
Event: 115.350 Thread 0x0000000023255000 Uncommon trap: reason=unhandled action=none pc=0x0000000002c3da68 method=java.net.URLClassLoader.findClass(Ljava/lang/String;)Ljava/lang/Class; @ 44
Event: 115.351 Thread 0x0000000023255000 Uncommon trap: reason=unhandled action=none pc=0x0000000002c3da68 method=java.net.URLClassLoader.findClass(Ljava/lang/String;)Ljava/lang/Class; @ 44
Event: 115.352 Thread 0x0000000023255000 Uncommon trap: reason=unhandled action=none pc=0x0000000002c3da68 method=java.net.URLClassLoader.findClass(Ljava/lang/String;)Ljava/lang/Class; @ 44
Event: 115.353 Thread 0x0000000023255000 Uncommon trap: reason=unhandled action=none pc=0x0000000002c3da68 method=java.net.URLClassLoader.findClass(Ljava/lang/String;)Ljava/lang/Class; @ 44
Event: 115.356 Thread 0x0000000023255000 Uncommon trap: reason=unhandled action=none pc=0x0000000002c3da68 method=java.net.URLClassLoader.findClass(Ljava/lang/String;)Ljava/lang/Class; @ 44
Event: 115.360 Thread 0x0000000023255000 Uncommon trap: reason=unhandled action=none pc=0x0000000002c3da68 method=java.net.URLClassLoader.findClass(Ljava/lang/String;)Ljava/lang/Class; @ 44
Event: 115.361 Thread 0x0000000023255000 Uncommon trap: reason=unhandled action=none pc=0x0000000002c3da68 method=java.net.URLClassLoader.findClass(Ljava/lang/String;)Ljava/lang/Class; @ 44
Event: 115.363 Thread 0x0000000023255000 Uncommon trap: reason=unhandled action=none pc=0x0000000002c3da68 method=java.net.URLClassLoader.findClass(Ljava/lang/String;)Ljava/lang/Class; @ 44
Event: 115.370 Thread 0x0000000023255000 Uncommon trap: reason=unhandled action=none pc=0x0000000002c3da68 method=java.net.URLClassLoader.findClass(Ljava/lang/String;)Ljava/lang/Class; @ 44
Event: 132.189 Thread 0x000000001a513800 Uncommon trap: reason=bimorphic action=maybe_recompile pc=0x00000000033a9108 method=java.util.AbstractCollection.addAll(Ljava/util/Collection;)Z @ 29

Internal exceptions (10 events):
Event: 102.639 Thread 0x0000000023255000 Exception <a 'java/lang/ClassNotFoundException': java/lang/ObjectCustomizer> (0x00000000d7964180) thrown at [C:\re\workspace\8-2-build-windows-amd64-cygwin\jdk8u60\4407\hotspot\src\share\vm\classfile\systemDictionary.cpp, line 210]
Event: 102.641 Thread 0x0000000023255000 Exception <a 'java/lang/ClassNotFoundException': org/springframework/web/servlet/theme/AbstractThemeResolverCustomizer> (0x00000000d797f2d8) thrown at [C:\re\workspace\8-2-build-windows-amd64-cygwin\jdk8u60\4407\hotspot\src\share\vm\classfile\systemDictionùO)©Y@
Event: 102.643 Thread 0x0000000023255000 Exception <a 'java/lang/ClassNotFoundException': org/springframework/web/servlet/theme/FixedThemeResolverCustomizer> (0x00000000d79993f0) thrown at [C:\re\workspace\8-2-build-windows-amd64-cygwin\jdk8u60\4407\hotspot\src\share\vm\classfile\systemDictionary{—cËÛ©Y@
Event: 102.654 Thread 0x0000000023255000 Exception <a 'java/lang/ClassNotFoundException': java/lang/ObjectCustomizer> (0x00000000d79bfa28) thrown at [C:\re\workspace\8-2-build-windows-amd64-cygwin\jdk8u60\4407\hotspot\src\share\vm\classfile\systemDictionary.cpp, line 210]
Event: 102.658 Thread 0x0000000023255000 Exception <a 'java/lang/ClassNotFoundException': org/springframework/web/servlet/view/DefaultRequestToViewNameTranslatorCustomizer> (0x00000000d79dd0e8) thrown at [C:\re\workspace\8-2-build-windows-amd64-cygwin\jdk8u60\4407\hotspot\src\share\vm\classfile\sjËØ«ªY@
Event: 102.667 Thread 0x0000000023255000 Exception <a 'java/lang/ClassNotFoundException': java/lang/ObjectCustomizer> (0x00000000d7a25740) thrown at [C:\re\workspace\8-2-build-windows-amd64-cygwin\jdk8u60\4407\hotspot\src\share\vm\classfile\systemDictionary.cpp, line 210]
Event: 102.669 Thread 0x0000000023255000 Exception <a 'java/lang/ClassNotFoundException': org/springframework/web/servlet/support/AbstractFlashMapManagerCustomizer> (0x00000000d7a412c8) thrown at [C:\re\workspace\8-2-build-windows-amd64-cygwin\jdk8u60\4407\hotspot\src\share\vm\classfile\systemDic|r¥«Y@
Event: 102.673 Thread 0x0000000023255000 Exception <a 'java/lang/ClassNotFoundException': org/springframework/web/servlet/support/SessionFlashMapManagerCustomizer> (0x00000000d7a60cb8) thrown at [C:\re\workspace\8-2-build-windows-amd64-cygwin\jdk8u60\4407\hotspot\src\share\vm\classfile\systemDictÝ«ð
\@
Event: 112.173 Thread 0x0000000023255000 Exception <a 'java/net/UnknownHostException': jdbc> (0x00000000d87f4178) thrown at [C:\re\workspace\8-2-build-windows-amd64-cygwin\jdk8u60\4407\hotspot\src\share\vm\prims\jni.cpp, line 735]
Event: 115.288 Thread 0x0000000023255000 Exception <a 'java/lang/reflect/InvocationTargetException'> (0x00000000d89c80b0) thrown at [C:\re\workspace\8-2-build-windows-amd64-cygwin\jdk8u60\4407\hotspot\src\share\vm\runtime\reflection.cpp, line 1092]

Events (10 events):
Event: 225.221 Thread 0x00000000172fd000 flushing nmethod 0x00000000033e4e10
Event: 225.226 Thread 0x00000000172fd000 flushing nmethod 0x0000000003459bd0
Event: 227.751 Executing VM operation: ChangeBreakpoints
Event: 227.753 Executing VM operation: ChangeBreakpoints done
Event: 230.278 Executing VM operation: ChangeBreakpoints
Event: 230.280 Executing VM operation: ChangeBreakpoints done
Event: 250.501 Executing VM operation: ChangeBreakpoints
Event: 250.501 Executing VM operation: ChangeBreakpoints done
Event: 250.647 Executing VM operation: RedefineClasses
Event: 250.717 Executing VM operation: RedefineClasses done


Dynamic libraries:
0x00007ff6346d0000 - 0x00007ff634707000 	C:\Program Files\Java\jre1.8.0_60\bin\javaw.exe
0x00007ffae5850000 - 0x00007ffae5a11000 	C:\WINDOWS\SYSTEM32\ntdll.dll
0x00007ffae3130000 - 0x00007ffae31dd000 	C:\WINDOWS\system32\KERNEL32.DLL
0x00007ffae2650000 - 0x00007ffae2838000 	C:\WINDOWS\system32\KERNELBASE.dll
0x00007ffae2c50000 - 0x00007ffae2cf7000 	C:\WINDOWS\system32\ADVAPI32.dll
0x00007ffae3780000 - 0x00007ffae381d000 	C:\WINDOWS\system32\msvcrt.dll
0x00007ffae3880000 - 0x00007ffae38db000 	C:\WINDOWS\system32\sechost.dll
0x00007ffae3c30000 - 0x00007ffae3d4c000 	C:\WINDOWS\system32\RPCRT4.dll
0x00007ffae35b0000 - 0x00007ffae3706000 	C:\WINDOWS\system32\USER32.dll
0x00007ffae3aa0000 - 0x00007ffae3c26000 	C:\WINDOWS\system32\GDI32.dll
0x00007ffaca260000 - 0x00007ffaca4d4000 	C:\WINDOWS\WinSxS\amd64_microsoft.windows.common-controls_6595b64144ccf1df_6.0.10586.0_none_8c15ae12515e1c22\COMCTL32.dll
0x00007ffae53d0000 - 0x00007ffae564d000 	C:\WINDOWS\system32\combase.dll
0x00007ffae25e0000 - 0x00007ffae264a000 	C:\WINDOWS\system32\bcryptPrimitives.dll
0x00007ffae5810000 - 0x00007ffae584b000 	C:\WINDOWS\system32\IMM32.DLL
0x0000000073280000 - 0x0000000073352000 	C:\Program Files\Java\jre1.8.0_60\bin\msvcr100.dll
0x0000000073430000 - 0x0000000073cb9000 	C:\Program Files\Java\jre1.8.0_60\bin\server\jvm.dll
0x00007ffae5310000 - 0x00007ffae5318000 	C:\WINDOWS\system32\PSAPI.DLL
0x00007ffad7510000 - 0x00007ffad751a000 	C:\WINDOWS\SYSTEM32\VERSION.dll
0x00007ffad6d70000 - 0x00007ffad6d79000 	C:\WINDOWS\SYSTEM32\WSOCK32.dll
0x00007ffadfa90000 - 0x00007ffadfab3000 	C:\WINDOWS\SYSTEM32\WINMM.dll
0x00007ffae3710000 - 0x00007ffae377b000 	C:\WINDOWS\system32\WS2_32.dll
0x0000000000450000 - 0x000000000047c000 	C:\WINDOWS\SYSTEM32\WINMMBASE.dll
0x00007ffae2ad0000 - 0x00007ffae2b13000 	C:\WINDOWS\system32\cfgmgr32.dll
0x0000000073420000 - 0x000000007342f000 	C:\Program Files\Java\jre1.8.0_60\bin\verify.dll
0x00000000733f0000 - 0x0000000073419000 	C:\Program Files\Java\jre1.8.0_60\bin\java.dll
0x0000000073240000 - 0x0000000073275000 	C:\Program Files\Java\jre1.8.0_60\bin\jdwp.dll
0x0000000073230000 - 0x0000000073238000 	C:\Program Files\Java\jre1.8.0_60\bin\npt.dll
0x00000000733d0000 - 0x00000000733e6000 	C:\Program Files\Java\jre1.8.0_60\bin\zip.dll
0x00007ffae3d50000 - 0x00007ffae52af000 	C:\WINDOWS\system32\SHELL32.dll
0x00007ffae1f90000 - 0x00007ffae25d4000 	C:\WINDOWS\system32\windows.storage.dll
0x00007ffae3820000 - 0x00007ffae3872000 	C:\WINDOWS\system32\shlwapi.dll
0x00007ffae1ed0000 - 0x00007ffae1edf000 	C:\WINDOWS\system32\kernel.appcore.dll
0x00007ffae2840000 - 0x00007ffae28f5000 	C:\WINDOWS\system32\shcore.dll
0x00007ffae1e80000 - 0x00007ffae1ecb000 	C:\WINDOWS\system32\powrprof.dll
0x00007ffae1ee0000 - 0x00007ffae1ef4000 	C:\WINDOWS\system32\profapi.dll
0x0000000073220000 - 0x0000000073229000 	C:\Program Files\Java\jre1.8.0_60\bin\dt_socket.dll
0x00007ffad2b10000 - 0x00007ffad2b26000 	C:\WINDOWS\system32\napinsp.dll
0x00007ffad3090000 - 0x00007ffad30aa000 	C:\WINDOWS\system32\pnrpnsp.dll
0x00007ffadf050000 - 0x00007ffadf068000 	C:\WINDOWS\system32\NLAapi.dll
0x00007ffae17a0000 - 0x00007ffae17fc000 	C:\WINDOWS\System32\mswsock.dll
0x00007ffae08e0000 - 0x00007ffae098a000 	C:\WINDOWS\SYSTEM32\DNSAPI.dll
0x00007ffae31e0000 - 0x00007ffae31e8000 	C:\WINDOWS\system32\NSI.dll
0x00007ffad30b0000 - 0x00007ffad30bd000 	C:\WINDOWS\System32\winrnr.dll
0x00007ffad3100000 - 0x00007ffad3115000 	C:\WINDOWS\System32\wshbth.dll
0x0000000075a20000 - 0x0000000075a46000 	C:\Program Files\Bonjour\mdnsNSP.dll
0x00007ffadf4c0000 - 0x00007ffadf4f8000 	C:\WINDOWS\SYSTEM32\Iphlpapi.DLL
0x00007ffaddd40000 - 0x00007ffaddda7000 	C:\WINDOWS\System32\fwpuclnt.dll
0x00007ffae1a70000 - 0x00007ffae1a99000 	C:\WINDOWS\SYSTEM32\bcrypt.dll
0x00007ffada300000 - 0x00007ffada30a000 	C:\Windows\System32\rasadhlp.dll
0x0000000073210000 - 0x000000007321d000 	C:\Program Files\Java\jre1.8.0_60\bin\management.dll
0x00000000733b0000 - 0x00000000733ca000 	C:\Program Files\Java\jre1.8.0_60\bin\net.dll
0x0000000073390000 - 0x00000000733a1000 	C:\Program Files\Java\jre1.8.0_60\bin\nio.dll
0x00007ffae1850000 - 0x00007ffae1867000 	C:\WINDOWS\SYSTEM32\CRYPTSP.dll
0x00007ffae14e0000 - 0x00007ffae1514000 	C:\WINDOWS\system32\rsaenh.dll
0x00007ffae1630000 - 0x00007ffae164f000 	C:\WINDOWS\SYSTEM32\USERENV.dll
0x00007ffae1970000 - 0x00007ffae197b000 	C:\WINDOWS\SYSTEM32\CRYPTBASE.dll
0x00007ffade350000 - 0x00007ffade366000 	C:\WINDOWS\SYSTEM32\dhcpcsvc6.DLL
0x00007ffade330000 - 0x00007ffade34a000 	C:\WINDOWS\SYSTEM32\dhcpcsvc.DLL
0x00007ffac4530000 - 0x00007ffac46bc000 	C:\WINDOWS\SYSTEM32\dbghelp.dll

VM Arguments:
jvm_args: -agentlib:jdwp=transport=dt_socket,suspend=y,address=localhost:60297 -Dcom.sun.management.jmxremote -Dcom.sun.management.jmxremote.port=16197 -Dcom.sun.management.jmxremote.authenticate=false -Dcom.sun.management.jmxremote.ssl=false -Dspring.liveBeansView.mbeanDomain -Dspring.application.admin.enabled=true -Dfile.encoding=UTF-8 
java_command: com.coretree.defaultconfig.Application
java_class_path (initial): D:\dev\workspaces\workspace_project\coretree-webcrm-master\target\classes;D:\dev\workspaces\workspace_project\CoreLibraries\bin;D:\dev\workspaces\workspace_spring\CoreLibraries\classes\antlr-runtime-3.4.jar;D:\dev\workspaces\workspace_spring\CoreLibraries\classes\connector-api-1.5.jar;D:\dev\workspaces\workspace_spring\CoreLibraries\classes\java-getopt-1.0.14.jar;D:\dev\workspaces\workspace_spring\CoreLibraries\classes\log4j-core.jar;D:\dev\workspaces\workspace_spring\CoreLibraries\classes\tritonus_share-0.3.6.jar;C:\Users\sequel2\.m2\repository\org\springframework\security\spring-security-web\4.0.3.RELEASE\spring-security-web-4.0.3.RELEASE.jar;C:\Users\sequel2\.m2\repository\aopalliance\aopalliance\1.0\aopalliance-1.0.jar;C:\Users\sequel2\.m2\repository\org\springframework\security\spring-security-core\4.0.3.RELEASE\spring-security-core-4.0.3.RELEASE.jar;C:\Users\sequel2\.m2\repository\org\springframework\spring-beans\4.2.4.RELEASE\spring-beans-4.2.4.RELEASE.jar;C:\Users\sequel2\.m2\repository\org\springframework\spring-context\4.2.4.RELEASE\spring-context-4.2.4.RELEASE.jar;C:\Users\sequel2\.m2\repository\org\springframework\spring-core\4.2.4.RELEASE\spring-core-4.2.4.RELEASE.jar;C:\Users\sequel2\.m2\repository\org\springframework\spring-expression\4.2.4.RELEASE\spring-expression-4.2.4.RELEASE.jar;C:\Users\sequel2\.m2\repository\org\springframework\spring-web\4.2.4.RELEASE\spring-web-4.2.4.RELEASE.jar;C:\Users\sequel2\.m2\repository\org\springframework\security\spring-security-config\4.0.3.RELEASE\spring-security-config-4.0.3.RELEASE.jar;C:\Users\sequel2\.m2\repository\org\springframework\spring-aop\4.2.4.RELEASE\spring-aop-4.2.4.RELEASE.jar;C:\Users\sequel2\.m2\repository\org\springframework\boot\spring-boot-starter-web\1.3.1.RELEASE\spring-boot-starter-web-1.3.1.RELEASE.jar;C:\Users\sequel2\.m2\repository\org\springframework\boot\spring-boot-starter\1.3.1.RELEASE\spring-boot-starter-1.3.1.RELEASE.jar;C:\Users\sequel2\.m2\repository\or
Launcher Type: SUN_STANDARD

Environment Variables:
JAVA_HOME=C:\Program Files\Java\jdk1.8.0_60
JRE_HOME=C:\Program Files\Java\jre1.8.0_60
CLASSPATH=.;C:\Program Files\Java\jdk1.8.0_60\lib;
PATH=C:/Program Files/Java/jre1.8.0_60/bin/server;C:/Program Files/Java/jre1.8.0_60/bin;C:/Program Files/Java/jre1.8.0_60/lib/amd64;C:\ProgramData\Oracle\Java\javapath;C:\WINDOWS\system32;C:\WINDOWS;C:\WINDOWS\System32\Wbem;C:\WINDOWS\System32\WindowsPowerShell\v1.0\;C:\WINDOWS\system32\config\systemprofile\.dnx\bin;C:\Program Files\Microsoft DNX\Dnvm\;C:\Program Files\Java\jdk1.8.0_60\bin;C:\Program Files\Microsoft SQL Server\Client SDK\ODBC\110\Tools\Binn\;C:\Program Files (x86)\Microsoft SQL Server\120\Tools\Binn\ManagementStudio\;C:\Program Files (x86)\Microsoft SQL Server\120\Tools\Binn\;C:\Program Files\Microsoft SQL Server\120\Tools\Binn\;C:\Program Files (x86)\Microsoft SQL Server\120\DTS\Binn\;C:\Program Files\Microsoft SQL Server\120\DTS\Binn\;D:\dev\DevTools\apache-maven-3.3.9\bin;C:\Program Files\Microsoft\Web Platform Installer\;C:\Program Files\Bandizip\7z;D:\dev\DevTools\sts-bundle\sts-3.7.2.RELEASE;
USERNAME=sequel2
OS=Windows_NT
PROCESSOR_IDENTIFIER=Intel64 Family 6 Model 58 Stepping 9, GenuineIntel



---------------  S Y S T E M  ---------------

OS: Windows 10.0 , 64 bit Build 10586 (10.0.10586.0)

CPU:total 4 (2 cores per cpu, 2 threads per core) family 6 model 58 stepping 9, cmov, cx8, fxsr, mmx, sse, sse2, sse3, ssse3, sse4.1, sse4.2, popcnt, avx, clmul, erms, ht, tsc, tscinvbit, tscinv

Memory: 4k page, physical 8268136k(4843328k free), swap 9578856k(5323900k free)

vm_info: Java HotSpot(TM) 64-Bit Server VM (25.60-b23) for windows-amd64 JRE (1.8.0_60-b27), built on Aug  4 2015 11:06:27 by "java_re" with MS VC++ 10.0 (VS2010)

time: Wed Jan 06 16:04:36 2016
elapsed time: 251 seconds (0d 0h 4m 11s)

